\BOOKMARK [1][]{section.1}{\376\377\0001\000\040\133\236\232\214\163\257\130\203\220\350\177\162\116\016\170\154\116\366\221\115\177\156\213\364\146\016}{}% 1
\BOOKMARK [1][]{section.2}{\376\377\0002\000\040\133\236\232\214\166\204\140\073\117\123\176\323\147\204}{}% 2
\BOOKMARK [2][]{subsection.2.1}{\376\377\0002\000.\0001\000\040\0005\176\247\143\007\116\344\155\101\154\064\176\277\166\204\140\073\117\123\176\323\147\204}{section.2}% 3
\BOOKMARK [1][]{section.3}{\376\377\0003\000\040\140\073\117\123\147\266\147\204\220\350\116\366\166\204\211\343\221\312\213\364\146\016}{}% 4
\BOOKMARK [2][]{subsection.3.1}{\376\377\0003\000.\0001\000\040\0005\176\247\143\007\116\344\155\101\154\064\176\277\140\073\117\123\176\323\147\204\220\350\116\366\166\204\211\343\221\312\213\364\146\016}{section.3}% 5
\BOOKMARK [3][]{subsubsection.3.1.1}{\376\377\0003\000.\0001\000.\0001\000\040\000I\000F\000/\000I\000D\133\304\133\130\126\150}{subsection.3.1}% 6
\BOOKMARK [3][]{subsubsection.3.1.2}{\376\377\0003\000.\0001\000.\0002\000\040\000I\000D\000/\000E\000X\133\304\133\130\126\150}{subsection.3.1}% 7
\BOOKMARK [3][]{subsubsection.3.1.3}{\376\377\0003\000.\0001\000.\0003\000\040\000E\000X\000/\000M\000E\000M\133\304\133\130\126\150}{subsection.3.1}% 8
\BOOKMARK [3][]{subsubsection.3.1.4}{\376\377\0003\000.\0001\000.\0004\000\040\000M\000E\000M\000/\000W\000B\133\304\133\130\126\150}{subsection.3.1}% 9
\BOOKMARK [1][]{section.4}{\376\377\0004\000\040\133\236\232\214\116\377\167\037\217\307\172\013}{}% 10
\BOOKMARK [2][]{subsection.4.1}{\376\377\0004\000.\0001\000\040\0005\176\247\143\007\116\344\155\101\154\064\176\277\166\204\116\377\167\037\217\307\172\013}{section.4}% 11
\BOOKMARK [1][]{section.5}{\376\377\0005\000\040\133\236\232\214\116\377\167\037\166\204\154\342\137\142\126\376\123\312\147\320\145\366\122\073\133\304\133\130\126\150\120\074\166\204\162\151\164\006\141\017\116\111}{}% 12
\BOOKMARK [2][]{subsection.5.1}{\376\377\0005\000.\0001\000\040\0005\176\247\143\007\116\344\155\101\154\064\176\277\166\204\154\342\137\142\126\376\123\312\147\320\145\366\122\073\133\304\133\130\126\150\120\074\166\204\162\151\164\006\141\017\116\111}{section.5}% 13
\BOOKMARK [1][]{section.6}{\376\377\0006\000\040\155\101\154\064\176\277\000C\000P\000U\133\236\232\214\140\047\200\375\232\214\213\301\152\041\127\213}{}% 14
\BOOKMARK [2][]{subsection.6.1}{\376\377\0006\000.\0001\000\040\133\236\232\214\140\047\200\375\232\214\213\301\152\041\127\213\377\032\153\324\204\050\130\124\144\124\236\041\206\313\156\070\142\017}{section.6}% 15
\BOOKMARK [2][]{subsection.6.2}{\376\377\0006\000.\0002\000\040\000M\000I\000P\000S\154\107\177\026\172\013\136\217}{section.6}% 16
\BOOKMARK [1][]{section.7}{\376\377\0007\000\040\133\236\232\214\232\214\173\227\172\013\136\217\116\013\147\177\155\113\213\325\217\307\172\013\116\016\133\236\163\260}{}% 17
\BOOKMARK [1][]{section.8}{\376\377\0008\000\040\155\101\154\064\176\277\166\204\140\047\200\375\143\007\150\007\133\232\140\047\122\006\147\220}{}% 18
\BOOKMARK [2][]{subsection.8.1}{\376\377\0008\000.\0001\000\040\227\131\140\001\155\101\154\064\176\277\166\204\140\047\200\375\143\007\150\007\133\232\140\047\122\006\147\220}{section.8}% 19
\BOOKMARK [3][]{subsubsection.8.1.1}{\376\377\0008\000.\0001\000.\0001\000\040\124\036\124\020\163\207\000\040\000\050\000T\000h\000r\000o\000u\000g\000h\000p\000u\000t\000\051}{subsection.8.1}% 20
\BOOKMARK [3][]{subsubsection.8.1.2}{\376\377\0008\000.\0001\000.\0002\000\040\122\240\220\037\153\324\000\040\000\050\000S\000p\000e\000e\000d\000u\000p\000\051}{subsection.8.1}% 21
\BOOKMARK [3][]{subsubsection.8.1.3}{\376\377\0008\000.\0001\000.\0003\000\040\145\110\163\207\000\040\000\050\000E\000f\000f\000i\000c\000i\000e\000n\000c\000y\000\051}{subsection.8.1}% 22
\BOOKMARK [3][]{subsubsection.8.1.4}{\376\377\0008\000.\0001\000.\0004\000\040\166\370\121\163\116\016\121\262\172\201\122\006\147\220}{subsection.8.1}% 23
\BOOKMARK [3][]{subsubsection.8.1.5}{\376\377\0008\000.\0001\000.\0005\000\040\000C\000P\000U\166\204\217\320\210\114\145\366\225\364\123\312\133\130\120\250\126\150\172\172\225\364\166\204\117\177\165\050}{subsection.8.1}% 24
\BOOKMARK [1][]{section.9}{\376\377\0009\000\040\140\073\176\323\116\016\117\123\117\032}{}% 25
\BOOKMARK [1][]{section.10}{\376\377\0001\0000\000\040\226\104\116\366\377\010\142\100\147\011\172\013\136\217\377\011}{}% 26
\BOOKMARK [2][]{subsection.10.1}{\376\377\0001\0000\000.\0001\000\040\0005\176\247\143\007\116\344\155\101\154\064\176\277\166\204\213\276\213\241\172\013\136\217}{section.10}% 27
\BOOKMARK [3][]{subsubsection.10.1.1}{\376\377\0001\0000\000.\0001\000.\0001\000\040\230\166\134\102\152\041\127\127\000\040\000\050\000s\000c\000c\000o\000m\000p\000\137\000d\000a\000t\000a\000f\000l\000o\000w\000.\000v\000\051}{subsection.10.1}% 28
\BOOKMARK [3][]{subsubsection.10.1.2}{\376\377\0001\0000\000.\0001\000.\0002\000\040\000C\000P\000U\150\070\137\303\152\041\127\127\000\040\000\050\000c\000p\000u\000.\000v\000\051}{subsection.10.1}% 29
\BOOKMARK [3][]{subsubsection.10.1.3}{\376\377\0001\0000\000.\0001\000.\0003\000\040\173\227\147\057\220\073\217\221\123\125\121\103\000\040\000\050\000a\000l\000u\000.\000v\000\051}{subsection.10.1}% 30
\BOOKMARK [3][]{subsubsection.10.1.4}{\376\377\0001\0000\000.\0001\000.\0004\000\040\155\101\154\064\176\277\133\304\133\130\126\150\152\041\127\127\000\040\000\050\000I\000F\000\137\000I\000D\000.\000v\000,\000\040\000I\000D\000\137\000E\000X\000.\000v\000,\000\040\000E\000X\000\137\000M\000E\000M\000.\000v\000,\000\040\000M\000E\000M\000\137\000W\000B\000.\000v\000\051}{subsection.10.1}% 31
\BOOKMARK [3][]{subsubsection.10.1.5}{\376\377\0001\0000\000.\0001\000.\0005\000\040\133\304\133\130\126\150\145\207\116\366\000\040\000\050\000r\000e\000g\000f\000i\000l\000e\000.\000v\000\051}{subsection.10.1}% 32
\BOOKMARK [3][]{subsubsection.10.1.6}{\376\377\0001\0000\000.\0001\000.\0006\000\040\133\232\116\111\145\207\116\366\000\040\000\050\000d\000e\000f\000.\000v\000\051}{subsection.10.1}% 33
\BOOKMARK [3][]{subsubsection.10.1.7}{\376\377\0001\0000\000.\0001\000.\0007\000\040\155\113\213\325\136\163\123\360\000\040\000\050\000\137\0002\0004\0006\000t\000b\000\137\000e\000x\0001\0000\000\137\000t\000b\000.\000v\000\051}{subsection.10.1}% 34
\BOOKMARK [3][]{subsubsection.10.1.8}{\376\377\0001\0000\000.\0001\000.\0008\000\040\201\352\122\250\123\026\155\113\213\325\201\032\147\054\000\040\000\050\000r\000u\000n\000\137\000c\000p\000u\000\137\000t\000e\000s\000t\000s\000.\000d\000o\000\051}{subsection.10.1}% 35
