Copyright 1986-2016 Xilinx, Inc. All Rights Reserved.
-----------------------------------------------------------------------------------------------------------------------------------------------------------
| Tool Version : Vivado v.2016.2 (win64) Build 1577090 Thu Jun  2 16:32:40 MDT 2016
| Date         : Wed Dec 24 10:58:16 2025
| Host         : Nicolas-ainski running 64-bit major release  (build 9200)
| Command      : report_timing_summary -warn_on_violation -max_paths 10 -file board_top_timing_summary_routed.rpt -rpx board_top_timing_summary_routed.rpx
| Design       : board_top
| Device       : 7a100t-csg324
| Speed File   : -1  PRODUCTION 1.14 2014-09-11
-----------------------------------------------------------------------------------------------------------------------------------------------------------

Timing Summary Report

------------------------------------------------------------------------------------------------
| Timer Settings
| --------------
------------------------------------------------------------------------------------------------

  Enable Multi Corner Analysis               :  Yes
  Enable Pessimism Removal                   :  Yes
  Pessimism Removal Resolution               :  Nearest Common Node
  Enable Input Delay Default Clock           :  No
  Enable Preset / Clear Arcs                 :  No
  Disable Flight Delays                      :  No
  Ignore I/O Paths                           :  No
  Timing Early Launch at Borrowing Latches   :  false

  Corner  Analyze    Analyze    
  Name    Max Paths  Min Paths  
  ------  ---------  ---------  
  Slow    Yes        Yes        
  Fast    Yes        Yes        



check_timing report

Table of Contents
-----------------
1. checking no_clock
2. checking constant_clock
3. checking pulse_width_clock
4. checking unconstrained_internal_endpoints
5. checking no_input_delay
6. checking no_output_delay
7. checking multiple_clock
8. checking generated_clocks
9. checking loops
10. checking partial_input_delay
11. checking partial_output_delay
12. checking latch_loops

1. checking no_clock
--------------------
 There are 4384 register/latch pins with no clock driven by root clock pin: ena (HIGH)

 There are 4384 register/latch pins with no clock driven by root clock pin: clk_div_reg[20]/C (HIGH)

 There are 3 register/latch pins with no clock driven by root clock pin: seg7x16_inst/cnt_reg[14]/C (HIGH)


2. checking constant_clock
--------------------------
 There are 0 register/latch pins with constant_clock.


3. checking pulse_width_clock
-----------------------------
 There are 0 register/latch pins which need pulse_width check


4. checking unconstrained_internal_endpoints
--------------------------------------------
 There are 18264 pins that are not constrained for maximum delay. (HIGH)

 There are 0 pins that are not constrained for maximum delay due to constant clock.


5. checking no_input_delay
--------------------------
 There are 4 input ports with no input delay specified. (HIGH)

 There are 0 input ports with no input delay but user has a false path constraint.


6. checking no_output_delay
---------------------------
 There are 0 ports with no output delay specified.

 There are 0 ports with no output delay but user has a false path constraint

 There are 0 ports with no output delay but with a timing clock defined on it or propagating through it


7. checking multiple_clock
--------------------------
 There are 0 register/latch pins with multiple clocks.


8. checking generated_clocks
----------------------------
 There are 0 generated clocks that are not connected to a clock source.


9. checking loops
-----------------
 There are 0 combinational loops in the design.


10. checking partial_input_delay
--------------------------------
 There are 0 input ports with partial input delay specified.


11. checking partial_output_delay
---------------------------------
 There are 0 ports with partial output delay specified.


12. checking latch_loops
------------------------
 There are 0 combinational latch loops in the design through latch input



------------------------------------------------------------------------------------------------
| Design Timing Summary
| ---------------------
------------------------------------------------------------------------------------------------

    WNS(ns)      TNS(ns)  TNS Failing Endpoints  TNS Total Endpoints      WHS(ns)      THS(ns)  THS Failing Endpoints  THS Total Endpoints     WPWS(ns)     TPWS(ns)  TPWS Failing Endpoints  TPWS Total Endpoints  
    -------      -------  ---------------------  -------------------      -------      -------  ---------------------  -------------------     --------     --------  ----------------------  --------------------  
     85.757        0.000                      0                   50        0.252        0.000                      0                   50       49.500        0.000                       0                    76  


All user specified timing constraints are met.


------------------------------------------------------------------------------------------------
| Clock Summary
| -------------
------------------------------------------------------------------------------------------------

Clock    Waveform(ns)       Period(ns)      Frequency(MHz)
-----    ------------       ----------      --------------
clk_pin  {0.000 50.000}     100.000         10.000          


------------------------------------------------------------------------------------------------
| Intra Clock Table
| -----------------
------------------------------------------------------------------------------------------------

Clock             WNS(ns)      TNS(ns)  TNS Failing Endpoints  TNS Total Endpoints      WHS(ns)      THS(ns)  THS Failing Endpoints  THS Total Endpoints     WPWS(ns)     TPWS(ns)  TPWS Failing Endpoints  TPWS Total Endpoints  
-----             -------      -------  ---------------------  -------------------      -------      -------  ---------------------  -------------------     --------     --------  ----------------------  --------------------  
clk_pin            85.757        0.000                      0                   50        0.252        0.000                      0                   50       49.500        0.000                       0                    76  


------------------------------------------------------------------------------------------------
| Inter Clock Table
| -----------------
------------------------------------------------------------------------------------------------

From Clock    To Clock          WNS(ns)      TNS(ns)  TNS Failing Endpoints  TNS Total Endpoints      WHS(ns)      THS(ns)  THS Failing Endpoints  THS Total Endpoints  
----------    --------          -------      -------  ---------------------  -------------------      -------      -------  ---------------------  -------------------  


------------------------------------------------------------------------------------------------
| Other Path Groups Table
| -----------------------
------------------------------------------------------------------------------------------------

Path Group    From Clock    To Clock          WNS(ns)      TNS(ns)  TNS Failing Endpoints  TNS Total Endpoints      WHS(ns)      THS(ns)  THS Failing Endpoints  THS Total Endpoints  
----------    ----------    --------          -------      -------  ---------------------  -------------------      -------      -------  ---------------------  -------------------  


------------------------------------------------------------------------------------------------
| Timing Details
| --------------
------------------------------------------------------------------------------------------------


---------------------------------------------------------------------------------------------------
From Clock:  clk_pin
  To Clock:  clk_pin

Setup :            0  Failing Endpoints,  Worst Slack       85.757ns,  Total Violation        0.000ns
Hold  :            0  Failing Endpoints,  Worst Slack        0.252ns,  Total Violation        0.000ns
PW    :            0  Failing Endpoints,  Worst Slack       49.500ns,  Total Violation        0.000ns
---------------------------------------------------------------------------------------------------


Max Delay Paths
--------------------------------------------------------------------------------------
Slack (MET) :             85.757ns  (required time - arrival time)
  Source:                 seg7x16_inst/o_seg_r_reg[0]/C
                            (rising edge-triggered cell FDPE clocked by clk_pin  {rise@0.000ns fall@50.000ns period=100.000ns})
  Destination:            o_seg[0]
                            (output port clocked by clk_pin  {rise@0.000ns fall@50.000ns period=100.000ns})
  Path Group:             clk_pin
  Path Type:              Max at Slow Process Corner
  Requirement:            100.000ns  (clk_pin rise@100.000ns - clk_pin rise@0.000ns)
  Data Path Delay:        8.895ns  (logic 4.033ns (45.342%)  route 4.862ns (54.658%))
  Logic Levels:           1  (OBUF=1)
  Output Delay:           0.000ns
  Clock Path Skew:        -5.313ns (DCD - SCD + CPR)
    Destination Clock Delay (DCD):    0.000ns = ( 100.000 - 100.000 ) 
    Source Clock Delay      (SCD):    5.313ns
    Clock Pessimism Removal (CPR):    0.000ns
  Clock Uncertainty:      0.035ns  ((TSJ^2 + TIJ^2)^1/2 + DJ) / 2 + PE
    Total System Jitter     (TSJ):    0.071ns
    Total Input Jitter      (TIJ):    0.000ns
    Discrete Jitter          (DJ):    0.000ns
    Phase Error              (PE):    0.000ns

    Location             Delay type                Incr(ns)  Path(ns)    Netlist Resource(s)
  -------------------------------------------------------------------    -------------------
                         (clock clk_pin rise edge)    0.000     0.000 r  
    E3                                                0.000     0.000 r  clk (IN)
                         net (fo=0)                   0.000     0.000    clk
    E3                   IBUF (Prop_ibuf_I_O)         1.482     1.482 r  clk_IBUF_inst/O
                         net (fo=1, routed)           2.025     3.506    clk_IBUF
    BUFGCTRL_X0Y16       BUFG (Prop_bufg_I_O)         0.096     3.602 r  clk_IBUF_BUFG_inst/O
                         net (fo=75, routed)          1.710     5.313    seg7x16_inst/clk_IBUF_BUFG
    SLICE_X73Y86         FDPE                                         r  seg7x16_inst/o_seg_r_reg[0]/C
  -------------------------------------------------------------------    -------------------
    SLICE_X73Y86         FDPE (Prop_fdpe_C_Q)         0.456     5.769 r  seg7x16_inst/o_seg_r_reg[0]/Q
                         net (fo=1, routed)           4.862    10.630    o_seg_OBUF[0]
    T10                  OBUF (Prop_obuf_I_O)         3.577    14.207 r  o_seg_OBUF[0]_inst/O
                         net (fo=0)                   0.000    14.207    o_seg[0]
    T10                                                               r  o_seg[0] (OUT)
  -------------------------------------------------------------------    -------------------

                         (clock clk_pin rise edge)  100.000   100.000 r  
                         clock pessimism              0.000   100.000    
                         clock uncertainty           -0.035    99.965    
                         output delay                -0.000    99.965    
  -------------------------------------------------------------------
                         required time                         99.965    
                         arrival time                         -14.207    
  -------------------------------------------------------------------
                         slack                                 85.757    

Slack (MET) :             85.781ns  (required time - arrival time)
  Source:                 seg7x16_inst/o_seg_r_reg[1]/C
                            (rising edge-triggered cell FDPE clocked by clk_pin  {rise@0.000ns fall@50.000ns period=100.000ns})
  Destination:            o_seg[1]
                            (output port clocked by clk_pin  {rise@0.000ns fall@50.000ns period=100.000ns})
  Path Group:             clk_pin
  Path Type:              Max at Slow Process Corner
  Requirement:            100.000ns  (clk_pin rise@100.000ns - clk_pin rise@0.000ns)
  Data Path Delay:        8.871ns  (logic 4.011ns (45.220%)  route 4.859ns (54.780%))
  Logic Levels:           1  (OBUF=1)
  Output Delay:           0.000ns
  Clock Path Skew:        -5.313ns (DCD - SCD + CPR)
    Destination Clock Delay (DCD):    0.000ns = ( 100.000 - 100.000 ) 
    Source Clock Delay      (SCD):    5.313ns
    Clock Pessimism Removal (CPR):    0.000ns
  Clock Uncertainty:      0.035ns  ((TSJ^2 + TIJ^2)^1/2 + DJ) / 2 + PE
    Total System Jitter     (TSJ):    0.071ns
    Total Input Jitter      (TIJ):    0.000ns
    Discrete Jitter          (DJ):    0.000ns
    Phase Error              (PE):    0.000ns

    Location             Delay type                Incr(ns)  Path(ns)    Netlist Resource(s)
  -------------------------------------------------------------------    -------------------
                         (clock clk_pin rise edge)    0.000     0.000 r  
    E3                                                0.000     0.000 r  clk (IN)
                         net (fo=0)                   0.000     0.000    clk
    E3                   IBUF (Prop_ibuf_I_O)         1.482     1.482 r  clk_IBUF_inst/O
                         net (fo=1, routed)           2.025     3.506    clk_IBUF
    BUFGCTRL_X0Y16       BUFG (Prop_bufg_I_O)         0.096     3.602 r  clk_IBUF_BUFG_inst/O
                         net (fo=75, routed)          1.710     5.313    seg7x16_inst/clk_IBUF_BUFG
    SLICE_X72Y86         FDPE                                         r  seg7x16_inst/o_seg_r_reg[1]/C
  -------------------------------------------------------------------    -------------------
    SLICE_X72Y86         FDPE (Prop_fdpe_C_Q)         0.456     5.769 r  seg7x16_inst/o_seg_r_reg[1]/Q
                         net (fo=1, routed)           4.859    10.628    o_seg_OBUF[1]
    R10                  OBUF (Prop_obuf_I_O)         3.555    14.184 r  o_seg_OBUF[1]_inst/O
                         net (fo=0)                   0.000    14.184    o_seg[1]
    R10                                                               r  o_seg[1] (OUT)
  -------------------------------------------------------------------    -------------------

                         (clock clk_pin rise edge)  100.000   100.000 r  
                         clock pessimism              0.000   100.000    
                         clock uncertainty           -0.035    99.965    
                         output delay                -0.000    99.965    
  -------------------------------------------------------------------
                         required time                         99.965    
                         arrival time                         -14.184    
  -------------------------------------------------------------------
                         slack                                 85.781    

Slack (MET) :             86.095ns  (required time - arrival time)
  Source:                 seg7x16_inst/o_seg_r_reg[3]/C
                            (rising edge-triggered cell FDPE clocked by clk_pin  {rise@0.000ns fall@50.000ns period=100.000ns})
  Destination:            o_seg[3]
                            (output port clocked by clk_pin  {rise@0.000ns fall@50.000ns period=100.000ns})
  Path Group:             clk_pin
  Path Type:              Max at Slow Process Corner
  Requirement:            100.000ns  (clk_pin rise@100.000ns - clk_pin rise@0.000ns)
  Data Path Delay:        8.556ns  (logic 4.006ns (46.823%)  route 4.550ns (53.177%))
  Logic Levels:           1  (OBUF=1)
  Output Delay:           0.000ns
  Clock Path Skew:        -5.314ns (DCD - SCD + CPR)
    Destination Clock Delay (DCD):    0.000ns = ( 100.000 - 100.000 ) 
    Source Clock Delay      (SCD):    5.314ns
    Clock Pessimism Removal (CPR):    0.000ns
  Clock Uncertainty:      0.035ns  ((TSJ^2 + TIJ^2)^1/2 + DJ) / 2 + PE
    Total System Jitter     (TSJ):    0.071ns
    Total Input Jitter      (TIJ):    0.000ns
    Discrete Jitter          (DJ):    0.000ns
    Phase Error              (PE):    0.000ns

    Location             Delay type                Incr(ns)  Path(ns)    Netlist Resource(s)
  -------------------------------------------------------------------    -------------------
                         (clock clk_pin rise edge)    0.000     0.000 r  
    E3                                                0.000     0.000 r  clk (IN)
                         net (fo=0)                   0.000     0.000    clk
    E3                   IBUF (Prop_ibuf_I_O)         1.482     1.482 r  clk_IBUF_inst/O
                         net (fo=1, routed)           2.025     3.506    clk_IBUF
    BUFGCTRL_X0Y16       BUFG (Prop_bufg_I_O)         0.096     3.602 r  clk_IBUF_BUFG_inst/O
                         net (fo=75, routed)          1.711     5.314    seg7x16_inst/clk_IBUF_BUFG
    SLICE_X72Y87         FDPE                                         r  seg7x16_inst/o_seg_r_reg[3]/C
  -------------------------------------------------------------------    -------------------
    SLICE_X72Y87         FDPE (Prop_fdpe_C_Q)         0.456     5.770 r  seg7x16_inst/o_seg_r_reg[3]/Q
                         net (fo=1, routed)           4.550    10.320    o_seg_OBUF[3]
    K13                  OBUF (Prop_obuf_I_O)         3.550    13.870 r  o_seg_OBUF[3]_inst/O
                         net (fo=0)                   0.000    13.870    o_seg[3]
    K13                                                               r  o_seg[3] (OUT)
  -------------------------------------------------------------------    -------------------

                         (clock clk_pin rise edge)  100.000   100.000 r  
                         clock pessimism              0.000   100.000    
                         clock uncertainty           -0.035    99.965    
                         output delay                -0.000    99.965    
  -------------------------------------------------------------------
                         required time                         99.965    
                         arrival time                         -13.870    
  -------------------------------------------------------------------
                         slack                                 86.095    

Slack (MET) :             86.704ns  (required time - arrival time)
  Source:                 seg7x16_inst/o_seg_r_reg[2]/C
                            (rising edge-triggered cell FDPE clocked by clk_pin  {rise@0.000ns fall@50.000ns period=100.000ns})
  Destination:            o_seg[2]
                            (output port clocked by clk_pin  {rise@0.000ns fall@50.000ns period=100.000ns})
  Path Group:             clk_pin
  Path Type:              Max at Slow Process Corner
  Requirement:            100.000ns  (clk_pin rise@100.000ns - clk_pin rise@0.000ns)
  Data Path Delay:        7.948ns  (logic 3.949ns (49.686%)  route 3.999ns (50.314%))
  Logic Levels:           1  (OBUF=1)
  Output Delay:           0.000ns
  Clock Path Skew:        -5.313ns (DCD - SCD + CPR)
    Destination Clock Delay (DCD):    0.000ns = ( 100.000 - 100.000 ) 
    Source Clock Delay      (SCD):    5.313ns
    Clock Pessimism Removal (CPR):    0.000ns
  Clock Uncertainty:      0.035ns  ((TSJ^2 + TIJ^2)^1/2 + DJ) / 2 + PE
    Total System Jitter     (TSJ):    0.071ns
    Total Input Jitter      (TIJ):    0.000ns
    Discrete Jitter          (DJ):    0.000ns
    Phase Error              (PE):    0.000ns

    Location             Delay type                Incr(ns)  Path(ns)    Netlist Resource(s)
  -------------------------------------------------------------------    -------------------
                         (clock clk_pin rise edge)    0.000     0.000 r  
    E3                                                0.000     0.000 r  clk (IN)
                         net (fo=0)                   0.000     0.000    clk
    E3                   IBUF (Prop_ibuf_I_O)         1.482     1.482 r  clk_IBUF_inst/O
                         net (fo=1, routed)           2.025     3.506    clk_IBUF
    BUFGCTRL_X0Y16       BUFG (Prop_bufg_I_O)         0.096     3.602 r  clk_IBUF_BUFG_inst/O
                         net (fo=75, routed)          1.710     5.313    seg7x16_inst/clk_IBUF_BUFG
    SLICE_X73Y86         FDPE                                         r  seg7x16_inst/o_seg_r_reg[2]/C
  -------------------------------------------------------------------    -------------------
    SLICE_X73Y86         FDPE (Prop_fdpe_C_Q)         0.456     5.769 r  seg7x16_inst/o_seg_r_reg[2]/Q
                         net (fo=1, routed)           3.999     9.768    o_seg_OBUF[2]
    K16                  OBUF (Prop_obuf_I_O)         3.493    13.261 r  o_seg_OBUF[2]_inst/O
                         net (fo=0)                   0.000    13.261    o_seg[2]
    K16                                                               r  o_seg[2] (OUT)
  -------------------------------------------------------------------    -------------------

                         (clock clk_pin rise edge)  100.000   100.000 r  
                         clock pessimism              0.000   100.000    
                         clock uncertainty           -0.035    99.965    
                         output delay                -0.000    99.965    
  -------------------------------------------------------------------
                         required time                         99.965    
                         arrival time                         -13.261    
  -------------------------------------------------------------------
                         slack                                 86.704    

Slack (MET) :             86.739ns  (required time - arrival time)
  Source:                 seg7x16_inst/o_seg_r_reg[5]/C
                            (rising edge-triggered cell FDPE clocked by clk_pin  {rise@0.000ns fall@50.000ns period=100.000ns})
  Destination:            o_seg[5]
                            (output port clocked by clk_pin  {rise@0.000ns fall@50.000ns period=100.000ns})
  Path Group:             clk_pin
  Path Type:              Max at Slow Process Corner
  Requirement:            100.000ns  (clk_pin rise@100.000ns - clk_pin rise@0.000ns)
  Data Path Delay:        7.912ns  (logic 4.017ns (50.765%)  route 3.896ns (49.235%))
  Logic Levels:           1  (OBUF=1)
  Output Delay:           0.000ns
  Clock Path Skew:        -5.314ns (DCD - SCD + CPR)
    Destination Clock Delay (DCD):    0.000ns = ( 100.000 - 100.000 ) 
    Source Clock Delay      (SCD):    5.314ns
    Clock Pessimism Removal (CPR):    0.000ns
  Clock Uncertainty:      0.035ns  ((TSJ^2 + TIJ^2)^1/2 + DJ) / 2 + PE
    Total System Jitter     (TSJ):    0.071ns
    Total Input Jitter      (TIJ):    0.000ns
    Discrete Jitter          (DJ):    0.000ns
    Phase Error              (PE):    0.000ns

    Location             Delay type                Incr(ns)  Path(ns)    Netlist Resource(s)
  -------------------------------------------------------------------    -------------------
                         (clock clk_pin rise edge)    0.000     0.000 r  
    E3                                                0.000     0.000 r  clk (IN)
                         net (fo=0)                   0.000     0.000    clk
    E3                   IBUF (Prop_ibuf_I_O)         1.482     1.482 r  clk_IBUF_inst/O
                         net (fo=1, routed)           2.025     3.506    clk_IBUF
    BUFGCTRL_X0Y16       BUFG (Prop_bufg_I_O)         0.096     3.602 r  clk_IBUF_BUFG_inst/O
                         net (fo=75, routed)          1.711     5.314    seg7x16_inst/clk_IBUF_BUFG
    SLICE_X72Y87         FDPE                                         r  seg7x16_inst/o_seg_r_reg[5]/C
  -------------------------------------------------------------------    -------------------
    SLICE_X72Y87         FDPE (Prop_fdpe_C_Q)         0.456     5.770 r  seg7x16_inst/o_seg_r_reg[5]/Q
                         net (fo=1, routed)           3.896     9.665    o_seg_OBUF[5]
    T11                  OBUF (Prop_obuf_I_O)         3.561    13.226 r  o_seg_OBUF[5]_inst/O
                         net (fo=0)                   0.000    13.226    o_seg[5]
    T11                                                               r  o_seg[5] (OUT)
  -------------------------------------------------------------------    -------------------

                         (clock clk_pin rise edge)  100.000   100.000 r  
                         clock pessimism              0.000   100.000    
                         clock uncertainty           -0.035    99.965    
                         output delay                -0.000    99.965    
  -------------------------------------------------------------------
                         required time                         99.965    
                         arrival time                         -13.226    
  -------------------------------------------------------------------
                         slack                                 86.739    

Slack (MET) :             86.756ns  (required time - arrival time)
  Source:                 seg7x16_inst/o_seg_r_reg[4]/C
                            (rising edge-triggered cell FDPE clocked by clk_pin  {rise@0.000ns fall@50.000ns period=100.000ns})
  Destination:            o_seg[4]
                            (output port clocked by clk_pin  {rise@0.000ns fall@50.000ns period=100.000ns})
  Path Group:             clk_pin
  Path Type:              Max at Slow Process Corner
  Requirement:            100.000ns  (clk_pin rise@100.000ns - clk_pin rise@0.000ns)
  Data Path Delay:        7.978ns  (logic 3.990ns (50.006%)  route 3.989ns (49.994%))
  Logic Levels:           1  (OBUF=1)
  Output Delay:           0.000ns
  Clock Path Skew:        -5.231ns (DCD - SCD + CPR)
    Destination Clock Delay (DCD):    0.000ns = ( 100.000 - 100.000 ) 
    Source Clock Delay      (SCD):    5.231ns
    Clock Pessimism Removal (CPR):    0.000ns
  Clock Uncertainty:      0.035ns  ((TSJ^2 + TIJ^2)^1/2 + DJ) / 2 + PE
    Total System Jitter     (TSJ):    0.071ns
    Total Input Jitter      (TIJ):    0.000ns
    Discrete Jitter          (DJ):    0.000ns
    Phase Error              (PE):    0.000ns

    Location             Delay type                Incr(ns)  Path(ns)    Netlist Resource(s)
  -------------------------------------------------------------------    -------------------
                         (clock clk_pin rise edge)    0.000     0.000 r  
    E3                                                0.000     0.000 r  clk (IN)
                         net (fo=0)                   0.000     0.000    clk
    E3                   IBUF (Prop_ibuf_I_O)         1.482     1.482 r  clk_IBUF_inst/O
                         net (fo=1, routed)           2.025     3.506    clk_IBUF
    BUFGCTRL_X0Y16       BUFG (Prop_bufg_I_O)         0.096     3.602 r  clk_IBUF_BUFG_inst/O
                         net (fo=75, routed)          1.628     5.231    seg7x16_inst/clk_IBUF_BUFG
    SLICE_X71Y86         FDPE                                         r  seg7x16_inst/o_seg_r_reg[4]/C
  -------------------------------------------------------------------    -------------------
    SLICE_X71Y86         FDPE (Prop_fdpe_C_Q)         0.456     5.687 r  seg7x16_inst/o_seg_r_reg[4]/Q
                         net (fo=1, routed)           3.989     9.675    o_seg_OBUF[4]
    P15                  OBUF (Prop_obuf_I_O)         3.534    13.209 r  o_seg_OBUF[4]_inst/O
                         net (fo=0)                   0.000    13.209    o_seg[4]
    P15                                                               r  o_seg[4] (OUT)
  -------------------------------------------------------------------    -------------------

                         (clock clk_pin rise edge)  100.000   100.000 r  
                         clock pessimism              0.000   100.000    
                         clock uncertainty           -0.035    99.965    
                         output delay                -0.000    99.965    
  -------------------------------------------------------------------
                         required time                         99.965    
                         arrival time                         -13.209    
  -------------------------------------------------------------------
                         slack                                 86.756    

Slack (MET) :             86.803ns  (required time - arrival time)
  Source:                 seg7x16_inst/o_seg_r_reg[6]/C
                            (rising edge-triggered cell FDPE clocked by clk_pin  {rise@0.000ns fall@50.000ns period=100.000ns})
  Destination:            o_seg[6]
                            (output port clocked by clk_pin  {rise@0.000ns fall@50.000ns period=100.000ns})
  Path Group:             clk_pin
  Path Type:              Max at Slow Process Corner
  Requirement:            100.000ns  (clk_pin rise@100.000ns - clk_pin rise@0.000ns)
  Data Path Delay:        7.848ns  (logic 3.993ns (50.884%)  route 3.855ns (49.116%))
  Logic Levels:           1  (OBUF=1)
  Output Delay:           0.000ns
  Clock Path Skew:        -5.314ns (DCD - SCD + CPR)
    Destination Clock Delay (DCD):    0.000ns = ( 100.000 - 100.000 ) 
    Source Clock Delay      (SCD):    5.314ns
    Clock Pessimism Removal (CPR):    0.000ns
  Clock Uncertainty:      0.035ns  ((TSJ^2 + TIJ^2)^1/2 + DJ) / 2 + PE
    Total System Jitter     (TSJ):    0.071ns
    Total Input Jitter      (TIJ):    0.000ns
    Discrete Jitter          (DJ):    0.000ns
    Phase Error              (PE):    0.000ns

    Location             Delay type                Incr(ns)  Path(ns)    Netlist Resource(s)
  -------------------------------------------------------------------    -------------------
                         (clock clk_pin rise edge)    0.000     0.000 r  
    E3                                                0.000     0.000 r  clk (IN)
                         net (fo=0)                   0.000     0.000    clk
    E3                   IBUF (Prop_ibuf_I_O)         1.482     1.482 r  clk_IBUF_inst/O
                         net (fo=1, routed)           2.025     3.506    clk_IBUF
    BUFGCTRL_X0Y16       BUFG (Prop_bufg_I_O)         0.096     3.602 r  clk_IBUF_BUFG_inst/O
                         net (fo=75, routed)          1.711     5.314    seg7x16_inst/clk_IBUF_BUFG
    SLICE_X73Y87         FDPE                                         r  seg7x16_inst/o_seg_r_reg[6]/C
  -------------------------------------------------------------------    -------------------
    SLICE_X73Y87         FDPE (Prop_fdpe_C_Q)         0.456     5.770 r  seg7x16_inst/o_seg_r_reg[6]/Q
                         net (fo=1, routed)           3.855     9.624    o_seg_OBUF[6]
    L18                  OBUF (Prop_obuf_I_O)         3.537    13.162 r  o_seg_OBUF[6]_inst/O
                         net (fo=0)                   0.000    13.162    o_seg[6]
    L18                                                               r  o_seg[6] (OUT)
  -------------------------------------------------------------------    -------------------

                         (clock clk_pin rise edge)  100.000   100.000 r  
                         clock pessimism              0.000   100.000    
                         clock uncertainty           -0.035    99.965    
                         output delay                -0.000    99.965    
  -------------------------------------------------------------------
                         required time                         99.965    
                         arrival time                         -13.162    
  -------------------------------------------------------------------
                         slack                                 86.803    

Slack (MET) :             95.979ns  (required time - arrival time)
  Source:                 seg7x16_inst/i_data_store_reg[0]/C
                            (rising edge-triggered cell FDCE clocked by clk_pin  {rise@0.000ns fall@50.000ns period=100.000ns})
  Destination:            seg7x16_inst/o_seg_r_reg[5]/D
                            (rising edge-triggered cell FDPE clocked by clk_pin  {rise@0.000ns fall@50.000ns period=100.000ns})
  Path Group:             clk_pin
  Path Type:              Setup (Max at Slow Process Corner)
  Requirement:            100.000ns  (clk_pin rise@100.000ns - clk_pin rise@0.000ns)
  Data Path Delay:        4.058ns  (logic 1.058ns (26.073%)  route 3.000ns (73.927%))
  Logic Levels:           3  (LUT4=1 LUT6=2)
  Clock Path Skew:        0.040ns (DCD - SCD + CPR)
    Destination Clock Delay (DCD):    5.014ns = ( 105.014 - 100.000 ) 
    Source Clock Delay      (SCD):    5.233ns
    Clock Pessimism Removal (CPR):    0.259ns
  Clock Uncertainty:      0.035ns  ((TSJ^2 + TIJ^2)^1/2 + DJ) / 2 + PE
    Total System Jitter     (TSJ):    0.071ns
    Total Input Jitter      (TIJ):    0.000ns
    Discrete Jitter          (DJ):    0.000ns
    Phase Error              (PE):    0.000ns

    Location             Delay type                Incr(ns)  Path(ns)    Netlist Resource(s)
  -------------------------------------------------------------------    -------------------
                         (clock clk_pin rise edge)    0.000     0.000 r  
    E3                                                0.000     0.000 r  clk (IN)
                         net (fo=0)                   0.000     0.000    clk
    E3                   IBUF (Prop_ibuf_I_O)         1.482     1.482 r  clk_IBUF_inst/O
                         net (fo=1, routed)           2.025     3.506    clk_IBUF
    BUFGCTRL_X0Y16       BUFG (Prop_bufg_I_O)         0.096     3.602 r  clk_IBUF_BUFG_inst/O
                         net (fo=75, routed)          1.630     5.233    seg7x16_inst/clk_IBUF_BUFG
    SLICE_X65Y88         FDCE                                         r  seg7x16_inst/i_data_store_reg[0]/C
  -------------------------------------------------------------------    -------------------
    SLICE_X65Y88         FDCE (Prop_fdce_C_Q)         0.456     5.689 r  seg7x16_inst/i_data_store_reg[0]/Q
                         net (fo=7, routed)           1.518     7.207    seg7x16_inst/i_data_store[0]
    SLICE_X75Y87         LUT4 (Prop_lut4_I1_O)        0.152     7.359 r  seg7x16_inst/o_seg_r[5]_i_9/O
                         net (fo=1, routed)           0.672     8.031    seg7x16_inst/o_seg_r[5]_i_9_n_0
    SLICE_X74Y87         LUT6 (Prop_lut6_I5_O)        0.326     8.357 r  seg7x16_inst/o_seg_r[5]_i_5/O
                         net (fo=1, routed)           0.810     9.167    seg7x16_inst/o_seg_r[5]_i_5_n_0
    SLICE_X72Y87         LUT6 (Prop_lut6_I4_O)        0.124     9.291 r  seg7x16_inst/o_seg_r[5]_i_1/O
                         net (fo=1, routed)           0.000     9.291    seg7x16_inst/o_seg_r[5]_i_1_n_0
    SLICE_X72Y87         FDPE                                         r  seg7x16_inst/o_seg_r_reg[5]/D
  -------------------------------------------------------------------    -------------------

                         (clock clk_pin rise edge)  100.000   100.000 r  
    E3                                                0.000   100.000 r  clk (IN)
                         net (fo=0)                   0.000   100.000    clk
    E3                   IBUF (Prop_ibuf_I_O)         1.411   101.411 r  clk_IBUF_inst/O
                         net (fo=1, routed)           1.920   103.331    clk_IBUF
    BUFGCTRL_X0Y16       BUFG (Prop_bufg_I_O)         0.091   103.422 r  clk_IBUF_BUFG_inst/O
                         net (fo=75, routed)          1.591   105.014    seg7x16_inst/clk_IBUF_BUFG
    SLICE_X72Y87         FDPE                                         r  seg7x16_inst/o_seg_r_reg[5]/C
                         clock pessimism              0.259   105.273    
                         clock uncertainty           -0.035   105.237    
    SLICE_X72Y87         FDPE (Setup_fdpe_C_D)        0.032   105.269    seg7x16_inst/o_seg_r_reg[5]
  -------------------------------------------------------------------
                         required time                        105.269    
                         arrival time                          -9.291    
  -------------------------------------------------------------------
                         slack                                 95.979    

Slack (MET) :             96.372ns  (required time - arrival time)
  Source:                 seg7x16_inst/i_data_store_reg[7]/C
                            (rising edge-triggered cell FDCE clocked by clk_pin  {rise@0.000ns fall@50.000ns period=100.000ns})
  Destination:            seg7x16_inst/o_seg_r_reg[2]/D
                            (rising edge-triggered cell FDPE clocked by clk_pin  {rise@0.000ns fall@50.000ns period=100.000ns})
  Path Group:             clk_pin
  Path Type:              Setup (Max at Slow Process Corner)
  Requirement:            100.000ns  (clk_pin rise@100.000ns - clk_pin rise@0.000ns)
  Data Path Delay:        3.661ns  (logic 1.058ns (28.900%)  route 2.603ns (71.100%))
  Logic Levels:           3  (LUT4=1 LUT6=2)
  Clock Path Skew:        0.039ns (DCD - SCD + CPR)
    Destination Clock Delay (DCD):    5.013ns = ( 105.013 - 100.000 ) 
    Source Clock Delay      (SCD):    5.233ns
    Clock Pessimism Removal (CPR):    0.259ns
  Clock Uncertainty:      0.035ns  ((TSJ^2 + TIJ^2)^1/2 + DJ) / 2 + PE
    Total System Jitter     (TSJ):    0.071ns
    Total Input Jitter      (TIJ):    0.000ns
    Discrete Jitter          (DJ):    0.000ns
    Phase Error              (PE):    0.000ns

    Location             Delay type                Incr(ns)  Path(ns)    Netlist Resource(s)
  -------------------------------------------------------------------    -------------------
                         (clock clk_pin rise edge)    0.000     0.000 r  
    E3                                                0.000     0.000 r  clk (IN)
                         net (fo=0)                   0.000     0.000    clk
    E3                   IBUF (Prop_ibuf_I_O)         1.482     1.482 r  clk_IBUF_inst/O
                         net (fo=1, routed)           2.025     3.506    clk_IBUF
    BUFGCTRL_X0Y16       BUFG (Prop_bufg_I_O)         0.096     3.602 r  clk_IBUF_BUFG_inst/O
                         net (fo=75, routed)          1.630     5.233    seg7x16_inst/clk_IBUF_BUFG
    SLICE_X65Y88         FDCE                                         r  seg7x16_inst/i_data_store_reg[7]/C
  -------------------------------------------------------------------    -------------------
    SLICE_X65Y88         FDCE (Prop_fdce_C_Q)         0.456     5.689 r  seg7x16_inst/i_data_store_reg[7]/Q
                         net (fo=7, routed)           0.986     6.675    seg7x16_inst/i_data_store[7]
    SLICE_X69Y86         LUT4 (Prop_lut4_I3_O)        0.152     6.827 r  seg7x16_inst/o_seg_r[2]_i_7/O
                         net (fo=1, routed)           0.915     7.742    seg7x16_inst/o_seg_r[2]_i_7_n_0
    SLICE_X72Y86         LUT6 (Prop_lut6_I5_O)        0.326     8.068 r  seg7x16_inst/o_seg_r[2]_i_3/O
                         net (fo=1, routed)           0.701     8.770    seg7x16_inst/o_seg_r[2]_i_3_n_0
    SLICE_X73Y86         LUT6 (Prop_lut6_I1_O)        0.124     8.894 r  seg7x16_inst/o_seg_r[2]_i_1/O
                         net (fo=1, routed)           0.000     8.894    seg7x16_inst/o_seg_r[2]_i_1_n_0
    SLICE_X73Y86         FDPE                                         r  seg7x16_inst/o_seg_r_reg[2]/D
  -------------------------------------------------------------------    -------------------

                         (clock clk_pin rise edge)  100.000   100.000 r  
    E3                                                0.000   100.000 r  clk (IN)
                         net (fo=0)                   0.000   100.000    clk
    E3                   IBUF (Prop_ibuf_I_O)         1.411   101.411 r  clk_IBUF_inst/O
                         net (fo=1, routed)           1.920   103.331    clk_IBUF
    BUFGCTRL_X0Y16       BUFG (Prop_bufg_I_O)         0.091   103.422 r  clk_IBUF_BUFG_inst/O
                         net (fo=75, routed)          1.590   105.013    seg7x16_inst/clk_IBUF_BUFG
    SLICE_X73Y86         FDPE                                         r  seg7x16_inst/o_seg_r_reg[2]/C
                         clock pessimism              0.259   105.272    
                         clock uncertainty           -0.035   105.236    
    SLICE_X73Y86         FDPE (Setup_fdpe_C_D)        0.029   105.265    seg7x16_inst/o_seg_r_reg[2]
  -------------------------------------------------------------------
                         required time                        105.265    
                         arrival time                          -8.894    
  -------------------------------------------------------------------
                         slack                                 96.372    

Slack (MET) :             96.440ns  (required time - arrival time)
  Source:                 seg7x16_inst/i_data_store_reg[7]/C
                            (rising edge-triggered cell FDCE clocked by clk_pin  {rise@0.000ns fall@50.000ns period=100.000ns})
  Destination:            seg7x16_inst/o_seg_r_reg[4]/D
                            (rising edge-triggered cell FDPE clocked by clk_pin  {rise@0.000ns fall@50.000ns period=100.000ns})
  Path Group:             clk_pin
  Path Type:              Setup (Max at Slow Process Corner)
  Requirement:            100.000ns  (clk_pin rise@100.000ns - clk_pin rise@0.000ns)
  Data Path Delay:        3.509ns  (logic 1.064ns (30.320%)  route 2.445ns (69.680%))
  Logic Levels:           3  (LUT4=1 LUT6=2)
  Clock Path Skew:        -0.044ns (DCD - SCD + CPR)
    Destination Clock Delay (DCD):    4.930ns = ( 104.930 - 100.000 ) 
    Source Clock Delay      (SCD):    5.233ns
    Clock Pessimism Removal (CPR):    0.259ns
  Clock Uncertainty:      0.035ns  ((TSJ^2 + TIJ^2)^1/2 + DJ) / 2 + PE
    Total System Jitter     (TSJ):    0.071ns
    Total Input Jitter      (TIJ):    0.000ns
    Discrete Jitter          (DJ):    0.000ns
    Phase Error              (PE):    0.000ns

    Location             Delay type                Incr(ns)  Path(ns)    Netlist Resource(s)
  -------------------------------------------------------------------    -------------------
                         (clock clk_pin rise edge)    0.000     0.000 r  
    E3                                                0.000     0.000 r  clk (IN)
                         net (fo=0)                   0.000     0.000    clk
    E3                   IBUF (Prop_ibuf_I_O)         1.482     1.482 r  clk_IBUF_inst/O
                         net (fo=1, routed)           2.025     3.506    clk_IBUF
    BUFGCTRL_X0Y16       BUFG (Prop_bufg_I_O)         0.096     3.602 r  clk_IBUF_BUFG_inst/O
                         net (fo=75, routed)          1.630     5.233    seg7x16_inst/clk_IBUF_BUFG
    SLICE_X65Y88         FDCE                                         r  seg7x16_inst/i_data_store_reg[7]/C
  -------------------------------------------------------------------    -------------------
    SLICE_X65Y88         FDCE (Prop_fdce_C_Q)         0.456     5.689 f  seg7x16_inst/i_data_store_reg[7]/Q
                         net (fo=7, routed)           0.985     6.674    seg7x16_inst/i_data_store[7]
    SLICE_X69Y86         LUT4 (Prop_lut4_I0_O)        0.152     6.826 r  seg7x16_inst/o_seg_r[4]_i_7/O
                         net (fo=1, routed)           0.795     7.621    seg7x16_inst/o_seg_r[4]_i_7_n_0
    SLICE_X71Y86         LUT6 (Prop_lut6_I5_O)        0.332     7.953 r  seg7x16_inst/o_seg_r[4]_i_3/O
                         net (fo=1, routed)           0.665     8.618    seg7x16_inst/o_seg_r[4]_i_3_n_0
    SLICE_X71Y86         LUT6 (Prop_lut6_I1_O)        0.124     8.742 r  seg7x16_inst/o_seg_r[4]_i_1/O
                         net (fo=1, routed)           0.000     8.742    seg7x16_inst/o_seg_r[4]_i_1_n_0
    SLICE_X71Y86         FDPE                                         r  seg7x16_inst/o_seg_r_reg[4]/D
  -------------------------------------------------------------------    -------------------

                         (clock clk_pin rise edge)  100.000   100.000 r  
    E3                                                0.000   100.000 r  clk (IN)
                         net (fo=0)                   0.000   100.000    clk
    E3                   IBUF (Prop_ibuf_I_O)         1.411   101.411 r  clk_IBUF_inst/O
                         net (fo=1, routed)           1.920   103.331    clk_IBUF
    BUFGCTRL_X0Y16       BUFG (Prop_bufg_I_O)         0.091   103.422 r  clk_IBUF_BUFG_inst/O
                         net (fo=75, routed)          1.507   104.930    seg7x16_inst/clk_IBUF_BUFG
    SLICE_X71Y86         FDPE                                         r  seg7x16_inst/o_seg_r_reg[4]/C
                         clock pessimism              0.259   105.189    
                         clock uncertainty           -0.035   105.153    
    SLICE_X71Y86         FDPE (Setup_fdpe_C_D)        0.029   105.182    seg7x16_inst/o_seg_r_reg[4]
  -------------------------------------------------------------------
                         required time                        105.182    
                         arrival time                          -8.742    
  -------------------------------------------------------------------
                         slack                                 96.440    





Min Delay Paths
--------------------------------------------------------------------------------------
Slack (MET) :             0.252ns  (arrival time - required time)
  Source:                 seg7x16_inst/cnt_reg[11]/C
                            (rising edge-triggered cell FDCE clocked by clk_pin  {rise@0.000ns fall@50.000ns period=100.000ns})
  Destination:            seg7x16_inst/cnt_reg[11]/D
                            (rising edge-triggered cell FDCE clocked by clk_pin  {rise@0.000ns fall@50.000ns period=100.000ns})
  Path Group:             clk_pin
  Path Type:              Hold (Min at Fast Process Corner)
  Requirement:            0.000ns  (clk_pin rise@0.000ns - clk_pin rise@0.000ns)
  Data Path Delay:        0.357ns  (logic 0.249ns (69.714%)  route 0.108ns (30.286%))
  Logic Levels:           1  (CARRY4=1)
  Clock Path Skew:        0.000ns (DCD - SCD - CPR)
    Destination Clock Delay (DCD):    2.034ns
    Source Clock Delay      (SCD):    1.517ns
    Clock Pessimism Removal (CPR):    0.516ns

    Location             Delay type                Incr(ns)  Path(ns)    Netlist Resource(s)
  -------------------------------------------------------------------    -------------------
                         (clock clk_pin rise edge)    0.000     0.000 r  
    E3                                                0.000     0.000 r  clk (IN)
                         net (fo=0)                   0.000     0.000    clk
    E3                   IBUF (Prop_ibuf_I_O)         0.250     0.250 r  clk_IBUF_inst/O
                         net (fo=1, routed)           0.644     0.894    clk_IBUF
    BUFGCTRL_X0Y16       BUFG (Prop_bufg_I_O)         0.026     0.920 r  clk_IBUF_BUFG_inst/O
                         net (fo=75, routed)          0.598     1.517    seg7x16_inst/clk_IBUF_BUFG
    SLICE_X1Y82          FDCE                                         r  seg7x16_inst/cnt_reg[11]/C
  -------------------------------------------------------------------    -------------------
    SLICE_X1Y82          FDCE (Prop_fdce_C_Q)         0.141     1.658 r  seg7x16_inst/cnt_reg[11]/Q
                         net (fo=1, routed)           0.108     1.767    seg7x16_inst/cnt_reg_n_0_[11]
    SLICE_X1Y82          CARRY4 (Prop_carry4_S[3]_O[3])
                                                      0.108     1.875 r  seg7x16_inst/cnt_reg[8]_i_1/O[3]
                         net (fo=1, routed)           0.000     1.875    seg7x16_inst/cnt_reg[8]_i_1_n_4
    SLICE_X1Y82          FDCE                                         r  seg7x16_inst/cnt_reg[11]/D
  -------------------------------------------------------------------    -------------------

                         (clock clk_pin rise edge)    0.000     0.000 r  
    E3                                                0.000     0.000 r  clk (IN)
                         net (fo=0)                   0.000     0.000    clk
    E3                   IBUF (Prop_ibuf_I_O)         0.438     0.438 r  clk_IBUF_inst/O
                         net (fo=1, routed)           0.699     1.136    clk_IBUF
    BUFGCTRL_X0Y16       BUFG (Prop_bufg_I_O)         0.029     1.165 r  clk_IBUF_BUFG_inst/O
                         net (fo=75, routed)          0.869     2.034    seg7x16_inst/clk_IBUF_BUFG
    SLICE_X1Y82          FDCE                                         r  seg7x16_inst/cnt_reg[11]/C
                         clock pessimism             -0.516     1.517    
    SLICE_X1Y82          FDCE (Hold_fdce_C_D)         0.105     1.622    seg7x16_inst/cnt_reg[11]
  -------------------------------------------------------------------
                         required time                         -1.622    
                         arrival time                           1.875    
  -------------------------------------------------------------------
                         slack                                  0.252    

Slack (MET) :             0.252ns  (arrival time - required time)
  Source:                 clk_div_reg[11]/C
                            (rising edge-triggered cell FDRE clocked by clk_pin  {rise@0.000ns fall@50.000ns period=100.000ns})
  Destination:            clk_div_reg[11]/D
                            (rising edge-triggered cell FDRE clocked by clk_pin  {rise@0.000ns fall@50.000ns period=100.000ns})
  Path Group:             clk_pin
  Path Type:              Hold (Min at Fast Process Corner)
  Requirement:            0.000ns  (clk_pin rise@0.000ns - clk_pin rise@0.000ns)
  Data Path Delay:        0.357ns  (logic 0.249ns (69.714%)  route 0.108ns (30.286%))
  Logic Levels:           1  (CARRY4=1)
  Clock Path Skew:        0.000ns (DCD - SCD - CPR)
    Destination Clock Delay (DCD):    1.999ns
    Source Clock Delay      (SCD):    1.483ns
    Clock Pessimism Removal (CPR):    0.515ns

    Location             Delay type                Incr(ns)  Path(ns)    Netlist Resource(s)
  -------------------------------------------------------------------    -------------------
                         (clock clk_pin rise edge)    0.000     0.000 r  
    E3                                                0.000     0.000 r  clk (IN)
                         net (fo=0)                   0.000     0.000    clk
    E3                   IBUF (Prop_ibuf_I_O)         0.250     0.250 r  clk_IBUF_inst/O
                         net (fo=1, routed)           0.644     0.894    clk_IBUF
    BUFGCTRL_X0Y16       BUFG (Prop_bufg_I_O)         0.026     0.920 r  clk_IBUF_BUFG_inst/O
                         net (fo=75, routed)          0.564     1.483    clk_IBUF_BUFG
    SLICE_X53Y95         FDRE                                         r  clk_div_reg[11]/C
  -------------------------------------------------------------------    -------------------
    SLICE_X53Y95         FDRE (Prop_fdre_C_Q)         0.141     1.624 r  clk_div_reg[11]/Q
                         net (fo=1, routed)           0.108     1.733    clk_div_reg_n_0_[11]
    SLICE_X53Y95         CARRY4 (Prop_carry4_S[3]_O[3])
                                                      0.108     1.841 r  clk_div_reg[8]_i_1/O[3]
                         net (fo=1, routed)           0.000     1.841    clk_div_reg[8]_i_1_n_4
    SLICE_X53Y95         FDRE                                         r  clk_div_reg[11]/D
  -------------------------------------------------------------------    -------------------

                         (clock clk_pin rise edge)    0.000     0.000 r  
    E3                                                0.000     0.000 r  clk (IN)
                         net (fo=0)                   0.000     0.000    clk
    E3                   IBUF (Prop_ibuf_I_O)         0.438     0.438 r  clk_IBUF_inst/O
                         net (fo=1, routed)           0.699     1.136    clk_IBUF
    BUFGCTRL_X0Y16       BUFG (Prop_bufg_I_O)         0.029     1.165 r  clk_IBUF_BUFG_inst/O
                         net (fo=75, routed)          0.834     1.999    clk_IBUF_BUFG
    SLICE_X53Y95         FDRE                                         r  clk_div_reg[11]/C
                         clock pessimism             -0.515     1.483    
    SLICE_X53Y95         FDRE (Hold_fdre_C_D)         0.105     1.588    clk_div_reg[11]
  -------------------------------------------------------------------
                         required time                         -1.588    
                         arrival time                           1.841    
  -------------------------------------------------------------------
                         slack                                  0.252    

Slack (MET) :             0.252ns  (arrival time - required time)
  Source:                 clk_div_reg[15]/C
                            (rising edge-triggered cell FDRE clocked by clk_pin  {rise@0.000ns fall@50.000ns period=100.000ns})
  Destination:            clk_div_reg[15]/D
                            (rising edge-triggered cell FDRE clocked by clk_pin  {rise@0.000ns fall@50.000ns period=100.000ns})
  Path Group:             clk_pin
  Path Type:              Hold (Min at Fast Process Corner)
  Requirement:            0.000ns  (clk_pin rise@0.000ns - clk_pin rise@0.000ns)
  Data Path Delay:        0.357ns  (logic 0.249ns (69.714%)  route 0.108ns (30.286%))
  Logic Levels:           1  (CARRY4=1)
  Clock Path Skew:        0.000ns (DCD - SCD - CPR)
    Destination Clock Delay (DCD):    1.999ns
    Source Clock Delay      (SCD):    1.483ns
    Clock Pessimism Removal (CPR):    0.515ns

    Location             Delay type                Incr(ns)  Path(ns)    Netlist Resource(s)
  -------------------------------------------------------------------    -------------------
                         (clock clk_pin rise edge)    0.000     0.000 r  
    E3                                                0.000     0.000 r  clk (IN)
                         net (fo=0)                   0.000     0.000    clk
    E3                   IBUF (Prop_ibuf_I_O)         0.250     0.250 r  clk_IBUF_inst/O
                         net (fo=1, routed)           0.644     0.894    clk_IBUF
    BUFGCTRL_X0Y16       BUFG (Prop_bufg_I_O)         0.026     0.920 r  clk_IBUF_BUFG_inst/O
                         net (fo=75, routed)          0.564     1.483    clk_IBUF_BUFG
    SLICE_X53Y96         FDRE                                         r  clk_div_reg[15]/C
  -------------------------------------------------------------------    -------------------
    SLICE_X53Y96         FDRE (Prop_fdre_C_Q)         0.141     1.624 r  clk_div_reg[15]/Q
                         net (fo=1, routed)           0.108     1.733    clk_div_reg_n_0_[15]
    SLICE_X53Y96         CARRY4 (Prop_carry4_S[3]_O[3])
                                                      0.108     1.841 r  clk_div_reg[12]_i_1/O[3]
                         net (fo=1, routed)           0.000     1.841    clk_div_reg[12]_i_1_n_4
    SLICE_X53Y96         FDRE                                         r  clk_div_reg[15]/D
  -------------------------------------------------------------------    -------------------

                         (clock clk_pin rise edge)    0.000     0.000 r  
    E3                                                0.000     0.000 r  clk (IN)
                         net (fo=0)                   0.000     0.000    clk
    E3                   IBUF (Prop_ibuf_I_O)         0.438     0.438 r  clk_IBUF_inst/O
                         net (fo=1, routed)           0.699     1.136    clk_IBUF
    BUFGCTRL_X0Y16       BUFG (Prop_bufg_I_O)         0.029     1.165 r  clk_IBUF_BUFG_inst/O
                         net (fo=75, routed)          0.834     1.999    clk_IBUF_BUFG
    SLICE_X53Y96         FDRE                                         r  clk_div_reg[15]/C
                         clock pessimism             -0.515     1.483    
    SLICE_X53Y96         FDRE (Hold_fdre_C_D)         0.105     1.588    clk_div_reg[15]
  -------------------------------------------------------------------
                         required time                         -1.588    
                         arrival time                           1.841    
  -------------------------------------------------------------------
                         slack                                  0.252    

Slack (MET) :             0.252ns  (arrival time - required time)
  Source:                 clk_div_reg[19]/C
                            (rising edge-triggered cell FDRE clocked by clk_pin  {rise@0.000ns fall@50.000ns period=100.000ns})
  Destination:            clk_div_reg[19]/D
                            (rising edge-triggered cell FDRE clocked by clk_pin  {rise@0.000ns fall@50.000ns period=100.000ns})
  Path Group:             clk_pin
  Path Type:              Hold (Min at Fast Process Corner)
  Requirement:            0.000ns  (clk_pin rise@0.000ns - clk_pin rise@0.000ns)
  Data Path Delay:        0.357ns  (logic 0.249ns (69.714%)  route 0.108ns (30.286%))
  Logic Levels:           1  (CARRY4=1)
  Clock Path Skew:        0.000ns (DCD - SCD - CPR)
    Destination Clock Delay (DCD):    2.000ns
    Source Clock Delay      (SCD):    1.484ns
    Clock Pessimism Removal (CPR):    0.515ns

    Location             Delay type                Incr(ns)  Path(ns)    Netlist Resource(s)
  -------------------------------------------------------------------    -------------------
                         (clock clk_pin rise edge)    0.000     0.000 r  
    E3                                                0.000     0.000 r  clk (IN)
                         net (fo=0)                   0.000     0.000    clk
    E3                   IBUF (Prop_ibuf_I_O)         0.250     0.250 r  clk_IBUF_inst/O
                         net (fo=1, routed)           0.644     0.894    clk_IBUF
    BUFGCTRL_X0Y16       BUFG (Prop_bufg_I_O)         0.026     0.920 r  clk_IBUF_BUFG_inst/O
                         net (fo=75, routed)          0.565     1.484    clk_IBUF_BUFG
    SLICE_X53Y97         FDRE                                         r  clk_div_reg[19]/C
  -------------------------------------------------------------------    -------------------
    SLICE_X53Y97         FDRE (Prop_fdre_C_Q)         0.141     1.625 r  clk_div_reg[19]/Q
                         net (fo=1, routed)           0.108     1.734    clk_div_reg_n_0_[19]
    SLICE_X53Y97         CARRY4 (Prop_carry4_S[3]_O[3])
                                                      0.108     1.842 r  clk_div_reg[16]_i_1/O[3]
                         net (fo=1, routed)           0.000     1.842    clk_div_reg[16]_i_1_n_4
    SLICE_X53Y97         FDRE                                         r  clk_div_reg[19]/D
  -------------------------------------------------------------------    -------------------

                         (clock clk_pin rise edge)    0.000     0.000 r  
    E3                                                0.000     0.000 r  clk (IN)
                         net (fo=0)                   0.000     0.000    clk
    E3                   IBUF (Prop_ibuf_I_O)         0.438     0.438 r  clk_IBUF_inst/O
                         net (fo=1, routed)           0.699     1.136    clk_IBUF
    BUFGCTRL_X0Y16       BUFG (Prop_bufg_I_O)         0.029     1.165 r  clk_IBUF_BUFG_inst/O
                         net (fo=75, routed)          0.835     2.000    clk_IBUF_BUFG
    SLICE_X53Y97         FDRE                                         r  clk_div_reg[19]/C
                         clock pessimism             -0.515     1.484    
    SLICE_X53Y97         FDRE (Hold_fdre_C_D)         0.105     1.589    clk_div_reg[19]
  -------------------------------------------------------------------
                         required time                         -1.589    
                         arrival time                           1.842    
  -------------------------------------------------------------------
                         slack                                  0.252    

Slack (MET) :             0.252ns  (arrival time - required time)
  Source:                 clk_div_reg[3]/C
                            (rising edge-triggered cell FDRE clocked by clk_pin  {rise@0.000ns fall@50.000ns period=100.000ns})
  Destination:            clk_div_reg[3]/D
                            (rising edge-triggered cell FDRE clocked by clk_pin  {rise@0.000ns fall@50.000ns period=100.000ns})
  Path Group:             clk_pin
  Path Type:              Hold (Min at Fast Process Corner)
  Requirement:            0.000ns  (clk_pin rise@0.000ns - clk_pin rise@0.000ns)
  Data Path Delay:        0.357ns  (logic 0.249ns (69.714%)  route 0.108ns (30.286%))
  Logic Levels:           1  (CARRY4=1)
  Clock Path Skew:        0.000ns (DCD - SCD - CPR)
    Destination Clock Delay (DCD):    1.999ns
    Source Clock Delay      (SCD):    1.483ns
    Clock Pessimism Removal (CPR):    0.515ns

    Location             Delay type                Incr(ns)  Path(ns)    Netlist Resource(s)
  -------------------------------------------------------------------    -------------------
                         (clock clk_pin rise edge)    0.000     0.000 r  
    E3                                                0.000     0.000 r  clk (IN)
                         net (fo=0)                   0.000     0.000    clk
    E3                   IBUF (Prop_ibuf_I_O)         0.250     0.250 r  clk_IBUF_inst/O
                         net (fo=1, routed)           0.644     0.894    clk_IBUF
    BUFGCTRL_X0Y16       BUFG (Prop_bufg_I_O)         0.026     0.920 r  clk_IBUF_BUFG_inst/O
                         net (fo=75, routed)          0.564     1.483    clk_IBUF_BUFG
    SLICE_X53Y93         FDRE                                         r  clk_div_reg[3]/C
  -------------------------------------------------------------------    -------------------
    SLICE_X53Y93         FDRE (Prop_fdre_C_Q)         0.141     1.624 r  clk_div_reg[3]/Q
                         net (fo=1, routed)           0.108     1.733    clk_div_reg_n_0_[3]
    SLICE_X53Y93         CARRY4 (Prop_carry4_S[3]_O[3])
                                                      0.108     1.841 r  clk_div_reg[0]_i_1/O[3]
                         net (fo=1, routed)           0.000     1.841    clk_div_reg[0]_i_1_n_4
    SLICE_X53Y93         FDRE                                         r  clk_div_reg[3]/D
  -------------------------------------------------------------------    -------------------

                         (clock clk_pin rise edge)    0.000     0.000 r  
    E3                                                0.000     0.000 r  clk (IN)
                         net (fo=0)                   0.000     0.000    clk
    E3                   IBUF (Prop_ibuf_I_O)         0.438     0.438 r  clk_IBUF_inst/O
                         net (fo=1, routed)           0.699     1.136    clk_IBUF
    BUFGCTRL_X0Y16       BUFG (Prop_bufg_I_O)         0.029     1.165 r  clk_IBUF_BUFG_inst/O
                         net (fo=75, routed)          0.834     1.999    clk_IBUF_BUFG
    SLICE_X53Y93         FDRE                                         r  clk_div_reg[3]/C
                         clock pessimism             -0.515     1.483    
    SLICE_X53Y93         FDRE (Hold_fdre_C_D)         0.105     1.588    clk_div_reg[3]
  -------------------------------------------------------------------
                         required time                         -1.588    
                         arrival time                           1.841    
  -------------------------------------------------------------------
                         slack                                  0.252    

Slack (MET) :             0.252ns  (arrival time - required time)
  Source:                 clk_div_reg[7]/C
                            (rising edge-triggered cell FDRE clocked by clk_pin  {rise@0.000ns fall@50.000ns period=100.000ns})
  Destination:            clk_div_reg[7]/D
                            (rising edge-triggered cell FDRE clocked by clk_pin  {rise@0.000ns fall@50.000ns period=100.000ns})
  Path Group:             clk_pin
  Path Type:              Hold (Min at Fast Process Corner)
  Requirement:            0.000ns  (clk_pin rise@0.000ns - clk_pin rise@0.000ns)
  Data Path Delay:        0.357ns  (logic 0.249ns (69.714%)  route 0.108ns (30.286%))
  Logic Levels:           1  (CARRY4=1)
  Clock Path Skew:        0.000ns (DCD - SCD - CPR)
    Destination Clock Delay (DCD):    1.999ns
    Source Clock Delay      (SCD):    1.483ns
    Clock Pessimism Removal (CPR):    0.515ns

    Location             Delay type                Incr(ns)  Path(ns)    Netlist Resource(s)
  -------------------------------------------------------------------    -------------------
                         (clock clk_pin rise edge)    0.000     0.000 r  
    E3                                                0.000     0.000 r  clk (IN)
                         net (fo=0)                   0.000     0.000    clk
    E3                   IBUF (Prop_ibuf_I_O)         0.250     0.250 r  clk_IBUF_inst/O
                         net (fo=1, routed)           0.644     0.894    clk_IBUF
    BUFGCTRL_X0Y16       BUFG (Prop_bufg_I_O)         0.026     0.920 r  clk_IBUF_BUFG_inst/O
                         net (fo=75, routed)          0.564     1.483    clk_IBUF_BUFG
    SLICE_X53Y94         FDRE                                         r  clk_div_reg[7]/C
  -------------------------------------------------------------------    -------------------
    SLICE_X53Y94         FDRE (Prop_fdre_C_Q)         0.141     1.624 r  clk_div_reg[7]/Q
                         net (fo=1, routed)           0.108     1.733    clk_div_reg_n_0_[7]
    SLICE_X53Y94         CARRY4 (Prop_carry4_S[3]_O[3])
                                                      0.108     1.841 r  clk_div_reg[4]_i_1/O[3]
                         net (fo=1, routed)           0.000     1.841    clk_div_reg[4]_i_1_n_4
    SLICE_X53Y94         FDRE                                         r  clk_div_reg[7]/D
  -------------------------------------------------------------------    -------------------

                         (clock clk_pin rise edge)    0.000     0.000 r  
    E3                                                0.000     0.000 r  clk (IN)
                         net (fo=0)                   0.000     0.000    clk
    E3                   IBUF (Prop_ibuf_I_O)         0.438     0.438 r  clk_IBUF_inst/O
                         net (fo=1, routed)           0.699     1.136    clk_IBUF
    BUFGCTRL_X0Y16       BUFG (Prop_bufg_I_O)         0.029     1.165 r  clk_IBUF_BUFG_inst/O
                         net (fo=75, routed)          0.834     1.999    clk_IBUF_BUFG
    SLICE_X53Y94         FDRE                                         r  clk_div_reg[7]/C
                         clock pessimism             -0.515     1.483    
    SLICE_X53Y94         FDRE (Hold_fdre_C_D)         0.105     1.588    clk_div_reg[7]
  -------------------------------------------------------------------
                         required time                         -1.588    
                         arrival time                           1.841    
  -------------------------------------------------------------------
                         slack                                  0.252    

Slack (MET) :             0.252ns  (arrival time - required time)
  Source:                 seg7x16_inst/cnt_reg[3]/C
                            (rising edge-triggered cell FDCE clocked by clk_pin  {rise@0.000ns fall@50.000ns period=100.000ns})
  Destination:            seg7x16_inst/cnt_reg[3]/D
                            (rising edge-triggered cell FDCE clocked by clk_pin  {rise@0.000ns fall@50.000ns period=100.000ns})
  Path Group:             clk_pin
  Path Type:              Hold (Min at Fast Process Corner)
  Requirement:            0.000ns  (clk_pin rise@0.000ns - clk_pin rise@0.000ns)
  Data Path Delay:        0.357ns  (logic 0.249ns (69.714%)  route 0.108ns (30.286%))
  Logic Levels:           1  (CARRY4=1)
  Clock Path Skew:        0.000ns (DCD - SCD - CPR)
    Destination Clock Delay (DCD):    2.032ns
    Source Clock Delay      (SCD):    1.515ns
    Clock Pessimism Removal (CPR):    0.516ns

    Location             Delay type                Incr(ns)  Path(ns)    Netlist Resource(s)
  -------------------------------------------------------------------    -------------------
                         (clock clk_pin rise edge)    0.000     0.000 r  
    E3                                                0.000     0.000 r  clk (IN)
                         net (fo=0)                   0.000     0.000    clk
    E3                   IBUF (Prop_ibuf_I_O)         0.250     0.250 r  clk_IBUF_inst/O
                         net (fo=1, routed)           0.644     0.894    clk_IBUF
    BUFGCTRL_X0Y16       BUFG (Prop_bufg_I_O)         0.026     0.920 r  clk_IBUF_BUFG_inst/O
                         net (fo=75, routed)          0.596     1.515    seg7x16_inst/clk_IBUF_BUFG
    SLICE_X1Y80          FDCE                                         r  seg7x16_inst/cnt_reg[3]/C
  -------------------------------------------------------------------    -------------------
    SLICE_X1Y80          FDCE (Prop_fdce_C_Q)         0.141     1.656 r  seg7x16_inst/cnt_reg[3]/Q
                         net (fo=1, routed)           0.108     1.765    seg7x16_inst/cnt_reg_n_0_[3]
    SLICE_X1Y80          CARRY4 (Prop_carry4_S[3]_O[3])
                                                      0.108     1.873 r  seg7x16_inst/cnt_reg[0]_i_1/O[3]
                         net (fo=1, routed)           0.000     1.873    seg7x16_inst/cnt_reg[0]_i_1_n_4
    SLICE_X1Y80          FDCE                                         r  seg7x16_inst/cnt_reg[3]/D
  -------------------------------------------------------------------    -------------------

                         (clock clk_pin rise edge)    0.000     0.000 r  
    E3                                                0.000     0.000 r  clk (IN)
                         net (fo=0)                   0.000     0.000    clk
    E3                   IBUF (Prop_ibuf_I_O)         0.438     0.438 r  clk_IBUF_inst/O
                         net (fo=1, routed)           0.699     1.136    clk_IBUF
    BUFGCTRL_X0Y16       BUFG (Prop_bufg_I_O)         0.029     1.165 r  clk_IBUF_BUFG_inst/O
                         net (fo=75, routed)          0.867     2.032    seg7x16_inst/clk_IBUF_BUFG
    SLICE_X1Y80          FDCE                                         r  seg7x16_inst/cnt_reg[3]/C
                         clock pessimism             -0.516     1.515    
    SLICE_X1Y80          FDCE (Hold_fdce_C_D)         0.105     1.620    seg7x16_inst/cnt_reg[3]
  -------------------------------------------------------------------
                         required time                         -1.620    
                         arrival time                           1.873    
  -------------------------------------------------------------------
                         slack                                  0.252    

Slack (MET) :             0.252ns  (arrival time - required time)
  Source:                 seg7x16_inst/cnt_reg[7]/C
                            (rising edge-triggered cell FDCE clocked by clk_pin  {rise@0.000ns fall@50.000ns period=100.000ns})
  Destination:            seg7x16_inst/cnt_reg[7]/D
                            (rising edge-triggered cell FDCE clocked by clk_pin  {rise@0.000ns fall@50.000ns period=100.000ns})
  Path Group:             clk_pin
  Path Type:              Hold (Min at Fast Process Corner)
  Requirement:            0.000ns  (clk_pin rise@0.000ns - clk_pin rise@0.000ns)
  Data Path Delay:        0.357ns  (logic 0.249ns (69.714%)  route 0.108ns (30.286%))
  Logic Levels:           1  (CARRY4=1)
  Clock Path Skew:        0.000ns (DCD - SCD - CPR)
    Destination Clock Delay (DCD):    2.033ns
    Source Clock Delay      (SCD):    1.516ns
    Clock Pessimism Removal (CPR):    0.516ns

    Location             Delay type                Incr(ns)  Path(ns)    Netlist Resource(s)
  -------------------------------------------------------------------    -------------------
                         (clock clk_pin rise edge)    0.000     0.000 r  
    E3                                                0.000     0.000 r  clk (IN)
                         net (fo=0)                   0.000     0.000    clk
    E3                   IBUF (Prop_ibuf_I_O)         0.250     0.250 r  clk_IBUF_inst/O
                         net (fo=1, routed)           0.644     0.894    clk_IBUF
    BUFGCTRL_X0Y16       BUFG (Prop_bufg_I_O)         0.026     0.920 r  clk_IBUF_BUFG_inst/O
                         net (fo=75, routed)          0.597     1.516    seg7x16_inst/clk_IBUF_BUFG
    SLICE_X1Y81          FDCE                                         r  seg7x16_inst/cnt_reg[7]/C
  -------------------------------------------------------------------    -------------------
    SLICE_X1Y81          FDCE (Prop_fdce_C_Q)         0.141     1.657 r  seg7x16_inst/cnt_reg[7]/Q
                         net (fo=1, routed)           0.108     1.766    seg7x16_inst/cnt_reg_n_0_[7]
    SLICE_X1Y81          CARRY4 (Prop_carry4_S[3]_O[3])
                                                      0.108     1.874 r  seg7x16_inst/cnt_reg[4]_i_1/O[3]
                         net (fo=1, routed)           0.000     1.874    seg7x16_inst/cnt_reg[4]_i_1_n_4
    SLICE_X1Y81          FDCE                                         r  seg7x16_inst/cnt_reg[7]/D
  -------------------------------------------------------------------    -------------------

                         (clock clk_pin rise edge)    0.000     0.000 r  
    E3                                                0.000     0.000 r  clk (IN)
                         net (fo=0)                   0.000     0.000    clk
    E3                   IBUF (Prop_ibuf_I_O)         0.438     0.438 r  clk_IBUF_inst/O
                         net (fo=1, routed)           0.699     1.136    clk_IBUF
    BUFGCTRL_X0Y16       BUFG (Prop_bufg_I_O)         0.029     1.165 r  clk_IBUF_BUFG_inst/O
                         net (fo=75, routed)          0.868     2.033    seg7x16_inst/clk_IBUF_BUFG
    SLICE_X1Y81          FDCE                                         r  seg7x16_inst/cnt_reg[7]/C
                         clock pessimism             -0.516     1.516    
    SLICE_X1Y81          FDCE (Hold_fdce_C_D)         0.105     1.621    seg7x16_inst/cnt_reg[7]
  -------------------------------------------------------------------
                         required time                         -1.621    
                         arrival time                           1.874    
  -------------------------------------------------------------------
                         slack                                  0.252    

Slack (MET) :             0.256ns  (arrival time - required time)
  Source:                 seg7x16_inst/cnt_reg[12]/C
                            (rising edge-triggered cell FDCE clocked by clk_pin  {rise@0.000ns fall@50.000ns period=100.000ns})
  Destination:            seg7x16_inst/cnt_reg[12]/D
                            (rising edge-triggered cell FDCE clocked by clk_pin  {rise@0.000ns fall@50.000ns period=100.000ns})
  Path Group:             clk_pin
  Path Type:              Hold (Min at Fast Process Corner)
  Requirement:            0.000ns  (clk_pin rise@0.000ns - clk_pin rise@0.000ns)
  Data Path Delay:        0.361ns  (logic 0.256ns (70.880%)  route 0.105ns (29.120%))
  Logic Levels:           1  (CARRY4=1)
  Clock Path Skew:        0.000ns (DCD - SCD - CPR)
    Destination Clock Delay (DCD):    2.035ns
    Source Clock Delay      (SCD):    1.518ns
    Clock Pessimism Removal (CPR):    0.516ns

    Location             Delay type                Incr(ns)  Path(ns)    Netlist Resource(s)
  -------------------------------------------------------------------    -------------------
                         (clock clk_pin rise edge)    0.000     0.000 r  
    E3                                                0.000     0.000 r  clk (IN)
                         net (fo=0)                   0.000     0.000    clk
    E3                   IBUF (Prop_ibuf_I_O)         0.250     0.250 r  clk_IBUF_inst/O
                         net (fo=1, routed)           0.644     0.894    clk_IBUF
    BUFGCTRL_X0Y16       BUFG (Prop_bufg_I_O)         0.026     0.920 r  clk_IBUF_BUFG_inst/O
                         net (fo=75, routed)          0.599     1.518    seg7x16_inst/clk_IBUF_BUFG
    SLICE_X1Y83          FDCE                                         r  seg7x16_inst/cnt_reg[12]/C
  -------------------------------------------------------------------    -------------------
    SLICE_X1Y83          FDCE (Prop_fdce_C_Q)         0.141     1.659 r  seg7x16_inst/cnt_reg[12]/Q
                         net (fo=1, routed)           0.105     1.765    seg7x16_inst/cnt_reg_n_0_[12]
    SLICE_X1Y83          CARRY4 (Prop_carry4_S[0]_O[0])
                                                      0.115     1.880 r  seg7x16_inst/cnt_reg[12]_i_1/O[0]
                         net (fo=1, routed)           0.000     1.880    seg7x16_inst/cnt_reg[12]_i_1_n_7
    SLICE_X1Y83          FDCE                                         r  seg7x16_inst/cnt_reg[12]/D
  -------------------------------------------------------------------    -------------------

                         (clock clk_pin rise edge)    0.000     0.000 r  
    E3                                                0.000     0.000 r  clk (IN)
                         net (fo=0)                   0.000     0.000    clk
    E3                   IBUF (Prop_ibuf_I_O)         0.438     0.438 r  clk_IBUF_inst/O
                         net (fo=1, routed)           0.699     1.136    clk_IBUF
    BUFGCTRL_X0Y16       BUFG (Prop_bufg_I_O)         0.029     1.165 r  clk_IBUF_BUFG_inst/O
                         net (fo=75, routed)          0.870     2.035    seg7x16_inst/clk_IBUF_BUFG
    SLICE_X1Y83          FDCE                                         r  seg7x16_inst/cnt_reg[12]/C
                         clock pessimism             -0.516     1.518    
    SLICE_X1Y83          FDCE (Hold_fdce_C_D)         0.105     1.623    seg7x16_inst/cnt_reg[12]
  -------------------------------------------------------------------
                         required time                         -1.623    
                         arrival time                           1.880    
  -------------------------------------------------------------------
                         slack                                  0.256    

Slack (MET) :             0.256ns  (arrival time - required time)
  Source:                 seg7x16_inst/cnt_reg[8]/C
                            (rising edge-triggered cell FDCE clocked by clk_pin  {rise@0.000ns fall@50.000ns period=100.000ns})
  Destination:            seg7x16_inst/cnt_reg[8]/D
                            (rising edge-triggered cell FDCE clocked by clk_pin  {rise@0.000ns fall@50.000ns period=100.000ns})
  Path Group:             clk_pin
  Path Type:              Hold (Min at Fast Process Corner)
  Requirement:            0.000ns  (clk_pin rise@0.000ns - clk_pin rise@0.000ns)
  Data Path Delay:        0.361ns  (logic 0.256ns (70.880%)  route 0.105ns (29.120%))
  Logic Levels:           1  (CARRY4=1)
  Clock Path Skew:        0.000ns (DCD - SCD - CPR)
    Destination Clock Delay (DCD):    2.034ns
    Source Clock Delay      (SCD):    1.517ns
    Clock Pessimism Removal (CPR):    0.516ns

    Location             Delay type                Incr(ns)  Path(ns)    Netlist Resource(s)
  -------------------------------------------------------------------    -------------------
                         (clock clk_pin rise edge)    0.000     0.000 r  
    E3                                                0.000     0.000 r  clk (IN)
                         net (fo=0)                   0.000     0.000    clk
    E3                   IBUF (Prop_ibuf_I_O)         0.250     0.250 r  clk_IBUF_inst/O
                         net (fo=1, routed)           0.644     0.894    clk_IBUF
    BUFGCTRL_X0Y16       BUFG (Prop_bufg_I_O)         0.026     0.920 r  clk_IBUF_BUFG_inst/O
                         net (fo=75, routed)          0.598     1.517    seg7x16_inst/clk_IBUF_BUFG
    SLICE_X1Y82          FDCE                                         r  seg7x16_inst/cnt_reg[8]/C
  -------------------------------------------------------------------    -------------------
    SLICE_X1Y82          FDCE (Prop_fdce_C_Q)         0.141     1.658 r  seg7x16_inst/cnt_reg[8]/Q
                         net (fo=1, routed)           0.105     1.764    seg7x16_inst/cnt_reg_n_0_[8]
    SLICE_X1Y82          CARRY4 (Prop_carry4_S[0]_O[0])
                                                      0.115     1.879 r  seg7x16_inst/cnt_reg[8]_i_1/O[0]
                         net (fo=1, routed)           0.000     1.879    seg7x16_inst/cnt_reg[8]_i_1_n_7
    SLICE_X1Y82          FDCE                                         r  seg7x16_inst/cnt_reg[8]/D
  -------------------------------------------------------------------    -------------------

                         (clock clk_pin rise edge)    0.000     0.000 r  
    E3                                                0.000     0.000 r  clk (IN)
                         net (fo=0)                   0.000     0.000    clk
    E3                   IBUF (Prop_ibuf_I_O)         0.438     0.438 r  clk_IBUF_inst/O
                         net (fo=1, routed)           0.699     1.136    clk_IBUF
    BUFGCTRL_X0Y16       BUFG (Prop_bufg_I_O)         0.029     1.165 r  clk_IBUF_BUFG_inst/O
                         net (fo=75, routed)          0.869     2.034    seg7x16_inst/clk_IBUF_BUFG
    SLICE_X1Y82          FDCE                                         r  seg7x16_inst/cnt_reg[8]/C
                         clock pessimism             -0.516     1.517    
    SLICE_X1Y82          FDCE (Hold_fdce_C_D)         0.105     1.622    seg7x16_inst/cnt_reg[8]
  -------------------------------------------------------------------
                         required time                         -1.622    
                         arrival time                           1.879    
  -------------------------------------------------------------------
                         slack                                  0.256    





Pulse Width Checks
--------------------------------------------------------------------------------------
Clock Name:         clk_pin
Waveform(ns):       { 0.000 50.000 }
Period(ns):         100.000
Sources:            { clk }

Check Type        Corner  Lib Pin  Reference Pin  Required(ns)  Actual(ns)  Slack(ns)  Location        Pin
Min Period        n/a     BUFG/I   n/a            2.155         100.000     97.845     BUFGCTRL_X0Y16  clk_IBUF_BUFG_inst/I
Min Period        n/a     FDRE/C   n/a            1.000         100.000     99.000     SLICE_X53Y93    clk_div_reg[0]/C
Min Period        n/a     FDRE/C   n/a            1.000         100.000     99.000     SLICE_X53Y95    clk_div_reg[10]/C
Min Period        n/a     FDRE/C   n/a            1.000         100.000     99.000     SLICE_X53Y95    clk_div_reg[11]/C
Min Period        n/a     FDRE/C   n/a            1.000         100.000     99.000     SLICE_X53Y96    clk_div_reg[12]/C
Min Period        n/a     FDRE/C   n/a            1.000         100.000     99.000     SLICE_X53Y96    clk_div_reg[13]/C
Min Period        n/a     FDRE/C   n/a            1.000         100.000     99.000     SLICE_X53Y96    clk_div_reg[14]/C
Min Period        n/a     FDRE/C   n/a            1.000         100.000     99.000     SLICE_X53Y96    clk_div_reg[15]/C
Min Period        n/a     FDRE/C   n/a            1.000         100.000     99.000     SLICE_X53Y97    clk_div_reg[16]/C
Min Period        n/a     FDRE/C   n/a            1.000         100.000     99.000     SLICE_X53Y97    clk_div_reg[17]/C
Low Pulse Width   Fast    FDRE/C   n/a            0.500         50.000      49.500     SLICE_X53Y93    clk_div_reg[0]/C
Low Pulse Width   Fast    FDRE/C   n/a            0.500         50.000      49.500     SLICE_X53Y95    clk_div_reg[10]/C
Low Pulse Width   Fast    FDRE/C   n/a            0.500         50.000      49.500     SLICE_X53Y95    clk_div_reg[11]/C
Low Pulse Width   Fast    FDRE/C   n/a            0.500         50.000      49.500     SLICE_X53Y96    clk_div_reg[12]/C
Low Pulse Width   Fast    FDRE/C   n/a            0.500         50.000      49.500     SLICE_X53Y96    clk_div_reg[13]/C
Low Pulse Width   Fast    FDRE/C   n/a            0.500         50.000      49.500     SLICE_X53Y96    clk_div_reg[14]/C
Low Pulse Width   Fast    FDRE/C   n/a            0.500         50.000      49.500     SLICE_X53Y96    clk_div_reg[15]/C
Low Pulse Width   Fast    FDRE/C   n/a            0.500         50.000      49.500     SLICE_X53Y93    clk_div_reg[1]/C
Low Pulse Width   Fast    FDRE/C   n/a            0.500         50.000      49.500     SLICE_X53Y93    clk_div_reg[2]/C
Low Pulse Width   Fast    FDRE/C   n/a            0.500         50.000      49.500     SLICE_X53Y93    clk_div_reg[3]/C
High Pulse Width  Slow    FDRE/C   n/a            0.500         50.000      49.500     SLICE_X53Y93    clk_div_reg[0]/C
High Pulse Width  Slow    FDRE/C   n/a            0.500         50.000      49.500     SLICE_X53Y95    clk_div_reg[10]/C
High Pulse Width  Slow    FDRE/C   n/a            0.500         50.000      49.500     SLICE_X53Y95    clk_div_reg[11]/C
High Pulse Width  Slow    FDRE/C   n/a            0.500         50.000      49.500     SLICE_X53Y96    clk_div_reg[12]/C
High Pulse Width  Slow    FDRE/C   n/a            0.500         50.000      49.500     SLICE_X53Y96    clk_div_reg[13]/C
High Pulse Width  Slow    FDRE/C   n/a            0.500         50.000      49.500     SLICE_X53Y96    clk_div_reg[14]/C
High Pulse Width  Slow    FDRE/C   n/a            0.500         50.000      49.500     SLICE_X53Y96    clk_div_reg[15]/C
High Pulse Width  Slow    FDRE/C   n/a            0.500         50.000      49.500     SLICE_X53Y93    clk_div_reg[1]/C
High Pulse Width  Slow    FDRE/C   n/a            0.500         50.000      49.500     SLICE_X53Y93    clk_div_reg[2]/C
High Pulse Width  Slow    FDRE/C   n/a            0.500         50.000      49.500     SLICE_X53Y93    clk_div_reg[3]/C



