INFO: [VRFC 10-2263] Analyzing Verilog file "E:/Homeworks/ComputerArchitechureReview/cpu31real/cpupip31real/cpupip31real.ip_user_files/ipstatic/dist_mem_gen_v8_0_10/simulation/dist_mem_gen_v8_0.v" into library dist_mem_gen_v8_0_10
INFO: [VRFC 10-311] analyzing module dist_mem_gen_v8_0_10
INFO: [VRFC 10-2263] Analyzing Verilog file "E:/Homeworks/ComputerArchitechureReview/cpu31real/cpupip31real/cpupip31real.srcs/sources_1/ip/ram_8bit/sim/ram_8bit.v" into library xil_defaultlib
INFO: [VRFC 10-311] analyzing module ram_8bit
INFO: [VRFC 10-2263] Analyzing Verilog file "E:/Homeworks/ComputerArchitechureReview/cpu31real/cpupip31real/cpupip31real.srcs/sources_1/ip/imem/sim/imem.v" into library xil_defaultlib
INFO: [VRFC 10-311] analyzing module imem
INFO: [VRFC 10-2263] Analyzing Verilog file "E:/Homeworks/ComputerArchitechureReview/cpu31real/cpupip31real/cpupip31real.srcs/sources_1/new/mux2_32.v" into library xil_defaultlib
INFO: [VRFC 10-311] analyzing module mux2_32
INFO: [VRFC 10-2263] Analyzing Verilog file "E:/Homeworks/ComputerArchitechureReview/cpu31real/cpupip31real/cpupip31real.srcs/sources_1/new/register.v" into library xil_defaultlib
INFO: [VRFC 10-311] analyzing module register
INFO: [VRFC 10-2263] Analyzing Verilog file "E:/Homeworks/ComputerArchitechureReview/cpu31real/cpupip31real/cpupip31real.srcs/sources_1/new/regfile.v" into library xil_defaultlib
INFO: [VRFC 10-311] analyzing module regfile
INFO: [VRFC 10-2263] Analyzing Verilog file "E:/Homeworks/ComputerArchitechureReview/cpu31real/cpupip31real/cpupip31real.srcs/sources_1/new/mux8_32.v" into library xil_defaultlib
INFO: [VRFC 10-311] analyzing module mux8_32
INFO: [VRFC 10-2263] Analyzing Verilog file "E:/Homeworks/ComputerArchitechureReview/cpu31real/cpupip31real/cpupip31real.srcs/sources_1/new/mux4_32.v" into library xil_defaultlib
INFO: [VRFC 10-311] analyzing module mux4_32
INFO: [VRFC 10-2263] Analyzing Verilog file "E:/Homeworks/ComputerArchitechureReview/cpu31real/cpupip31real/cpupip31real.srcs/sources_1/new/mux2_5.v" into library xil_defaultlib
INFO: [VRFC 10-311] analyzing module mux2_5
INFO: [VRFC 10-2263] Analyzing Verilog file "E:/Homeworks/ComputerArchitechureReview/cpu31real/cpupip31real/cpupip31real.srcs/sources_1/new/mult.v" into library xil_defaultlib
INFO: [VRFC 10-311] analyzing module mult
INFO: [VRFC 10-2263] Analyzing Verilog file "E:/Homeworks/ComputerArchitechureReview/cpu31real/cpupip31real/cpupip31real.srcs/sources_1/new/forwarding.v" into library xil_defaultlib
INFO: [VRFC 10-311] analyzing module forwarding
INFO: [VRFC 10-2263] Analyzing Verilog file "E:/Homeworks/ComputerArchitechureReview/cpu31real/cpupip31real/cpupip31real.srcs/sources_1/new/dmem.v" into library xil_defaultlib
INFO: [VRFC 10-311] analyzing module dmem
INFO: [VRFC 10-2263] Analyzing Verilog file "E:/Homeworks/ComputerArchitechureReview/cpu31real/cpupip31real/cpupip31real.srcs/sources_1/new/div.v" into library xil_defaultlib
INFO: [VRFC 10-311] analyzing module div
INFO: [VRFC 10-2263] Analyzing Verilog file "E:/Homeworks/ComputerArchitechureReview/cpu31real/cpupip31real/cpupip31real.srcs/sources_1/new/cutter.v" into library xil_defaultlib
INFO: [VRFC 10-311] analyzing module cutter
INFO: [VRFC 10-2263] Analyzing Verilog file "E:/Homeworks/ComputerArchitechureReview/cpu31real/cpupip31real/cpupip31real.srcs/sources_1/new/cp0.v" into library xil_defaultlib
INFO: [VRFC 10-311] analyzing module cp0
INFO: [VRFC 10-2263] Analyzing Verilog file "E:/Homeworks/ComputerArchitechureReview/cpu31real/cpupip31real/cpupip31real.srcs/sources_1/new/controller.v" into library xil_defaultlib
INFO: [VRFC 10-311] analyzing module controller
INFO: [VRFC 10-2263] Analyzing Verilog file "E:/Homeworks/ComputerArchitechureReview/cpu31real/cpupip31real/cpupip31real.srcs/sources_1/new/compare.v" into library xil_defaultlib
INFO: [VRFC 10-311] analyzing module compare
INFO: [VRFC 10-2263] Analyzing Verilog file "E:/Homeworks/ComputerArchitechureReview/cpu31real/cpupip31real/cpupip31real.srcs/sources_1/new/clz_counter.v" into library xil_defaultlib
INFO: [VRFC 10-311] analyzing module clz_counter
INFO: [VRFC 10-2263] Analyzing Verilog file "E:/Homeworks/ComputerArchitechureReview/cpu31real/cpupip31real/cpupip31real.srcs/sources_1/new/alu.v" into library xil_defaultlib
INFO: [VRFC 10-311] analyzing module alu
INFO: [VRFC 10-2263] Analyzing Verilog file "E:/Homeworks/ComputerArchitechureReview/cpu31real/cpupip31real/cpupip31real.srcs/sources_1/new/IMEM_ip.v" into library xil_defaultlib
INFO: [VRFC 10-311] analyzing module IMEM_ip
INFO: [VRFC 10-2263] Analyzing Verilog file "E:/Homeworks/ComputerArchitechureReview/cpu31real/cpupip31real/cpupip31real.srcs/sources_1/new/pipe_wb.v" into library xil_defaultlib
INFO: [VRFC 10-311] analyzing module pipe_wb
INFO: [VRFC 10-2263] Analyzing Verilog file "E:/Homeworks/ComputerArchitechureReview/cpu31real/cpupip31real/cpupip31real.srcs/sources_1/new/pipe_mem_wb.v" into library xil_defaultlib
INFO: [VRFC 10-311] analyzing module pipe_mem_wb
INFO: [VRFC 10-2263] Analyzing Verilog file "E:/Homeworks/ComputerArchitechureReview/cpu31real/cpupip31real/cpupip31real.srcs/sources_1/new/pipe_mem.v" into library xil_defaultlib
INFO: [VRFC 10-311] analyzing module pipe_mem
INFO: [VRFC 10-2263] Analyzing Verilog file "E:/Homeworks/ComputerArchitechureReview/cpu31real/cpupip31real/cpupip31real.srcs/sources_1/new/pipe_if_id.v" into library xil_defaultlib
INFO: [VRFC 10-311] analyzing module pipe_if_id
INFO: [VRFC 10-2263] Analyzing Verilog file "E:/Homeworks/ComputerArchitechureReview/cpu31real/cpupip31real/cpupip31real.srcs/sources_1/new/pipe_if.v" into library xil_defaultlib
INFO: [VRFC 10-311] analyzing module pipe_if
INFO: [VRFC 10-2263] Analyzing Verilog file "E:/Homeworks/ComputerArchitechureReview/cpu31real/cpupip31real/cpupip31real.srcs/sources_1/new/pipe_id_ex.v" into library xil_defaultlib
INFO: [VRFC 10-311] analyzing module pipe_id_ex
INFO: [VRFC 10-2263] Analyzing Verilog file "E:/Homeworks/ComputerArchitechureReview/cpu31real/cpupip31real/cpupip31real.srcs/sources_1/new/pipe_id.v" into library xil_defaultlib
INFO: [VRFC 10-311] analyzing module pipe_id
INFO: [VRFC 10-2263] Analyzing Verilog file "E:/Homeworks/ComputerArchitechureReview/cpu31real/cpupip31real/cpupip31real.srcs/sources_1/new/pipe_ex_mem.v" into library xil_defaultlib
INFO: [VRFC 10-311] analyzing module pipe_ex_mem
INFO: [VRFC 10-2263] Analyzing Verilog file "E:/Homeworks/ComputerArchitechureReview/cpu31real/cpupip31real/cpupip31real.srcs/sources_1/new/pipe_ex.v" into library xil_defaultlib
INFO: [VRFC 10-311] analyzing module pipe_ex
INFO: [VRFC 10-2263] Analyzing Verilog file "E:/Homeworks/ComputerArchitechureReview/cpu31real/cpupip31real/cpupip31real.srcs/sources_1/new/pc.v" into library xil_defaultlib
INFO: [VRFC 10-311] analyzing module pc
INFO: [VRFC 10-2263] Analyzing Verilog file "E:/Homeworks/ComputerArchitechureReview/cpu31real/cpupip31real/cpupip31real.srcs/sources_1/new/seg7x16.v" into library xil_defaultlib
INFO: [VRFC 10-311] analyzing module seg7x16
INFO: [VRFC 10-2263] Analyzing Verilog file "E:/Homeworks/ComputerArchitechureReview/cpu31real/cpupip31real/cpupip31real.srcs/sources_1/new/cpu.v" into library xil_defaultlib
INFO: [VRFC 10-311] analyzing module cpu
INFO: [VRFC 10-2263] Analyzing Verilog file "E:/Homeworks/ComputerArchitechureReview/cpu31real/cpupip31real/cpupip31real.srcs/sources_1/new/board_top.v" into library xil_defaultlib
INFO: [VRFC 10-311] analyzing module board_top
INFO: [VRFC 10-2263] Analyzing Verilog file "E:/Homeworks/ComputerArchitechureReview/cpu31real/cpupip31real/cpupip31real.srcs/sim_1/new/testbench.v" into library xil_defaultlib
INFO: [VRFC 10-311] analyzing module testbench
INFO: [VRFC 10-2263] Analyzing Verilog file "E:/Homeworks/ComputerArchitechureReview/cpu31real/cpupip31real/cpupip31real.sim/sim_1/behav/glbl.v" into library xil_defaultlib
INFO: [VRFC 10-311] analyzing module glbl
