Vivado Simulator 2016.2
Copyright 1986-1999, 2001-2016 Xilinx, Inc. All Rights Reserved.
Running: D:/Vivado/2016.2/bin/unwrapped/win64.o/xelab.exe -wto c4d15a6f35c8443c92a6490ae75d443a --debug typical --relax --mt 2 -L dist_mem_gen_v8_0_10 -L xil_defaultlib -L unisims_ver -L unimacro_ver -L secureip --snapshot testbench_behav xil_defaultlib.testbench xil_defaultlib.glbl -log elaborate.log 
Using 2 slave threads.
Starting static elaboration
Completed static elaboration
Starting simulation data flow analysis
WARNING: [XSIM 43-4099] "E:/Homeworks/ComputerArchitechureReview/cpu31real/cpupip31real/cpupip31real.srcs/sources_1/new/pipe_ex.v" Line 1. Module pipe_ex doesn't have a timescale but at least one module in design has a timescale.
WARNING: [XSIM 43-4099] "E:/Homeworks/ComputerArchitechureReview/cpu31real/cpupip31real/cpupip31real.srcs/sources_1/new/mux2_32.v" Line 2. Module mux2_32 doesn't have a timescale but at least one module in design has a timescale.
WARNING: [XSIM 43-4099] "E:/Homeworks/ComputerArchitechureReview/cpu31real/cpupip31real/cpupip31real.srcs/sources_1/new/mux2_32.v" Line 2. Module mux2_32 doesn't have a timescale but at least one module in design has a timescale.
WARNING: [XSIM 43-4099] "E:/Homeworks/ComputerArchitechureReview/cpu31real/cpupip31real/cpupip31real.srcs/sources_1/new/pipe_ex.v" Line 1. Module pipe_ex doesn't have a timescale but at least one module in design has a timescale.
WARNING: [XSIM 43-4099] "E:/Homeworks/ComputerArchitechureReview/cpu31real/cpupip31real/cpupip31real.srcs/sources_1/new/mux2_32.v" Line 2. Module mux2_32 doesn't have a timescale but at least one module in design has a timescale.
WARNING: [XSIM 43-4099] "E:/Homeworks/ComputerArchitechureReview/cpu31real/cpupip31real/cpupip31real.srcs/sources_1/new/mux2_32.v" Line 2. Module mux2_32 doesn't have a timescale but at least one module in design has a timescale.
Completed simulation data flow analysis
Time Resolution for simulation is 1ps
Compiling module xil_defaultlib.mux8_32
Compiling module xil_defaultlib.seg7x16
Compiling module xil_defaultlib.pc
Compiling module dist_mem_gen_v8_0_10.dist_mem_gen_v8_0_10(C_FAMILY="a...
Compiling module xil_defaultlib.imem
Compiling module xil_defaultlib.IMEM_ip
Compiling module xil_defaultlib.pipe_if
Compiling module xil_defaultlib.pipe_if_id
Compiling module xil_defaultlib.mux2_5
Compiling module xil_defaultlib.mux4_32
Compiling module xil_defaultlib.regfile
Compiling module xil_defaultlib.cp0
Compiling module xil_defaultlib.register
Compiling module xil_defaultlib.forwarding
Compiling module xil_defaultlib.compare
Compiling module xil_defaultlib.controller
Compiling module xil_defaultlib.pipe_id
Compiling module xil_defaultlib.pipe_id_ex
Compiling module xil_defaultlib.mux2_32
Compiling module xil_defaultlib.alu
Compiling module xil_defaultlib.mult
Compiling module xil_defaultlib.div
Compiling module xil_defaultlib.clz_counter
Compiling module xil_defaultlib.pipe_ex
Compiling module xil_defaultlib.pipe_ex_mem
Compiling module xil_defaultlib.cutter
Compiling module dist_mem_gen_v8_0_10.dist_mem_gen_v8_0_10(C_FAMILY="a...
Compiling module xil_defaultlib.ram_8bit
Compiling module xil_defaultlib.dmem
Compiling module xil_defaultlib.pipe_mem
Compiling module xil_defaultlib.pipe_mem_wb
Compiling module xil_defaultlib.pipe_wb
Compiling module xil_defaultlib.cpu
Compiling module xil_defaultlib.board_top
Compiling module xil_defaultlib.testbench
Compiling module xil_defaultlib.glbl
ERROR: [XSIM 43-3409] Failed to compile generated C file xsim.dir/testbench_behav/obj/xsim_1.win64.as.
ERROR: [XSIM 43-3915] Encountered a fatal error. Cannot continue. Exiting... 
