Vivado Simulator 2016.2
Time resolution is 1 ps
WARNING: This core is supplied with a behavioral model. To model cycle-accurate behavior you must run timing simulation.
WARNING: This core is supplied with a behavioral model. To model cycle-accurate behavior you must run timing simulation.
WARNING: This core is supplied with a behavioral model. To model cycle-accurate behavior you must run timing simulation.
WARNING: This core is supplied with a behavioral model. To model cycle-accurate behavior you must run timing simulation.
WARNING: This core is supplied with a behavioral model. To model cycle-accurate behavior you must run timing simulation.
WARNING in testbench.board_top_inst.cpu_inst.pipe_mem_inst.dmem_inst.mem0_uut.inst at time                 5000 ns: 
Reading from out-of-range address. Max address in testbench.board_top_inst.cpu_inst.pipe_mem_inst.dmem_inst.mem0_uut.inst is        2047
WARNING in testbench.board_top_inst.cpu_inst.pipe_mem_inst.dmem_inst.mem1_uut.inst at time                 5000 ns: 
Reading from out-of-range address. Max address in testbench.board_top_inst.cpu_inst.pipe_mem_inst.dmem_inst.mem1_uut.inst is        2047
WARNING in testbench.board_top_inst.cpu_inst.pipe_mem_inst.dmem_inst.mem2_uut.inst at time                 5000 ns: 
Reading from out-of-range address. Max address in testbench.board_top_inst.cpu_inst.pipe_mem_inst.dmem_inst.mem2_uut.inst is        2047
WARNING in testbench.board_top_inst.cpu_inst.pipe_mem_inst.dmem_inst.mem3_uut.inst at time                 5000 ns: 
Reading from out-of-range address. Max address in testbench.board_top_inst.cpu_inst.pipe_mem_inst.dmem_inst.mem3_uut.inst is        2047
WARNING in testbench.board_top_inst.cpu_inst.pipe_mem_inst.dmem_inst.mem0_uut.inst at time               113000 ns: 
Reading from out-of-range address. Max address in testbench.board_top_inst.cpu_inst.pipe_mem_inst.dmem_inst.mem0_uut.inst is        2047
WARNING in testbench.board_top_inst.cpu_inst.pipe_mem_inst.dmem_inst.mem1_uut.inst at time               113000 ns: 
Reading from out-of-range address. Max address in testbench.board_top_inst.cpu_inst.pipe_mem_inst.dmem_inst.mem1_uut.inst is        2047
WARNING in testbench.board_top_inst.cpu_inst.pipe_mem_inst.dmem_inst.mem2_uut.inst at time               113000 ns: 
Reading from out-of-range address. Max address in testbench.board_top_inst.cpu_inst.pipe_mem_inst.dmem_inst.mem2_uut.inst is        2047
WARNING in testbench.board_top_inst.cpu_inst.pipe_mem_inst.dmem_inst.mem3_uut.inst at time               113000 ns: 
Reading from out-of-range address. Max address in testbench.board_top_inst.cpu_inst.pipe_mem_inst.dmem_inst.mem3_uut.inst is        2047
WARNING in testbench.board_top_inst.cpu_inst.pipe_mem_inst.dmem_inst.mem0_uut.inst at time               173000 ns: 
Reading from out-of-range address. Max address in testbench.board_top_inst.cpu_inst.pipe_mem_inst.dmem_inst.mem0_uut.inst is        2047
WARNING in testbench.board_top_inst.cpu_inst.pipe_mem_inst.dmem_inst.mem1_uut.inst at time               173000 ns: 
Reading from out-of-range address. Max address in testbench.board_top_inst.cpu_inst.pipe_mem_inst.dmem_inst.mem1_uut.inst is        2047
WARNING in testbench.board_top_inst.cpu_inst.pipe_mem_inst.dmem_inst.mem2_uut.inst at time               173000 ns: 
Reading from out-of-range address. Max address in testbench.board_top_inst.cpu_inst.pipe_mem_inst.dmem_inst.mem2_uut.inst is        2047
WARNING in testbench.board_top_inst.cpu_inst.pipe_mem_inst.dmem_inst.mem3_uut.inst at time               173000 ns: 
Reading from out-of-range address. Max address in testbench.board_top_inst.cpu_inst.pipe_mem_inst.dmem_inst.mem3_uut.inst is        2047
WARNING in testbench.board_top_inst.cpu_inst.pipe_mem_inst.dmem_inst.mem0_uut.inst at time               433000 ns: 
Reading from out-of-range address. Max address in testbench.board_top_inst.cpu_inst.pipe_mem_inst.dmem_inst.mem0_uut.inst is        2047
WARNING in testbench.board_top_inst.cpu_inst.pipe_mem_inst.dmem_inst.mem1_uut.inst at time               433000 ns: 
Reading from out-of-range address. Max address in testbench.board_top_inst.cpu_inst.pipe_mem_inst.dmem_inst.mem1_uut.inst is        2047
WARNING in testbench.board_top_inst.cpu_inst.pipe_mem_inst.dmem_inst.mem2_uut.inst at time               433000 ns: 
Reading from out-of-range address. Max address in testbench.board_top_inst.cpu_inst.pipe_mem_inst.dmem_inst.mem2_uut.inst is        2047
WARNING in testbench.board_top_inst.cpu_inst.pipe_mem_inst.dmem_inst.mem3_uut.inst at time               433000 ns: 
Reading from out-of-range address. Max address in testbench.board_top_inst.cpu_inst.pipe_mem_inst.dmem_inst.mem3_uut.inst is        2047
WARNING in testbench.board_top_inst.cpu_inst.pipe_mem_inst.dmem_inst.mem0_uut.inst at time               493000 ns: 
Reading from out-of-range address. Max address in testbench.board_top_inst.cpu_inst.pipe_mem_inst.dmem_inst.mem0_uut.inst is        2047
WARNING in testbench.board_top_inst.cpu_inst.pipe_mem_inst.dmem_inst.mem1_uut.inst at time               493000 ns: 
Reading from out-of-range address. Max address in testbench.board_top_inst.cpu_inst.pipe_mem_inst.dmem_inst.mem1_uut.inst is        2047
WARNING in testbench.board_top_inst.cpu_inst.pipe_mem_inst.dmem_inst.mem2_uut.inst at time               493000 ns: 
Reading from out-of-range address. Max address in testbench.board_top_inst.cpu_inst.pipe_mem_inst.dmem_inst.mem2_uut.inst is        2047
WARNING in testbench.board_top_inst.cpu_inst.pipe_mem_inst.dmem_inst.mem3_uut.inst at time               493000 ns: 
Reading from out-of-range address. Max address in testbench.board_top_inst.cpu_inst.pipe_mem_inst.dmem_inst.mem3_uut.inst is        2047
WARNING in testbench.board_top_inst.cpu_inst.pipe_mem_inst.dmem_inst.mem0_uut.inst at time               553000 ns: 
Reading from out-of-range address. Max address in testbench.board_top_inst.cpu_inst.pipe_mem_inst.dmem_inst.mem0_uut.inst is        2047
WARNING in testbench.board_top_inst.cpu_inst.pipe_mem_inst.dmem_inst.mem1_uut.inst at time               553000 ns: 
Reading from out-of-range address. Max address in testbench.board_top_inst.cpu_inst.pipe_mem_inst.dmem_inst.mem1_uut.inst is        2047
WARNING in testbench.board_top_inst.cpu_inst.pipe_mem_inst.dmem_inst.mem2_uut.inst at time               553000 ns: 
Reading from out-of-range address. Max address in testbench.board_top_inst.cpu_inst.pipe_mem_inst.dmem_inst.mem2_uut.inst is        2047
WARNING in testbench.board_top_inst.cpu_inst.pipe_mem_inst.dmem_inst.mem3_uut.inst at time               553000 ns: 
Reading from out-of-range address. Max address in testbench.board_top_inst.cpu_inst.pipe_mem_inst.dmem_inst.mem3_uut.inst is        2047
WARNING in testbench.board_top_inst.cpu_inst.pipe_mem_inst.dmem_inst.mem0_uut.inst at time               613000 ns: 
Reading from out-of-range address. Max address in testbench.board_top_inst.cpu_inst.pipe_mem_inst.dmem_inst.mem0_uut.inst is        2047
WARNING in testbench.board_top_inst.cpu_inst.pipe_mem_inst.dmem_inst.mem1_uut.inst at time               613000 ns: 
Reading from out-of-range address. Max address in testbench.board_top_inst.cpu_inst.pipe_mem_inst.dmem_inst.mem1_uut.inst is        2047
WARNING in testbench.board_top_inst.cpu_inst.pipe_mem_inst.dmem_inst.mem2_uut.inst at time               613000 ns: 
Reading from out-of-range address. Max address in testbench.board_top_inst.cpu_inst.pipe_mem_inst.dmem_inst.mem2_uut.inst is        2047
WARNING in testbench.board_top_inst.cpu_inst.pipe_mem_inst.dmem_inst.mem3_uut.inst at time               613000 ns: 
Reading from out-of-range address. Max address in testbench.board_top_inst.cpu_inst.pipe_mem_inst.dmem_inst.mem3_uut.inst is        2047
WARNING in testbench.board_top_inst.cpu_inst.pipe_mem_inst.dmem_inst.mem0_uut.inst at time               673000 ns: 
Reading from out-of-range address. Max address in testbench.board_top_inst.cpu_inst.pipe_mem_inst.dmem_inst.mem0_uut.inst is        2047
WARNING in testbench.board_top_inst.cpu_inst.pipe_mem_inst.dmem_inst.mem1_uut.inst at time               673000 ns: 
Reading from out-of-range address. Max address in testbench.board_top_inst.cpu_inst.pipe_mem_inst.dmem_inst.mem1_uut.inst is        2047
WARNING in testbench.board_top_inst.cpu_inst.pipe_mem_inst.dmem_inst.mem2_uut.inst at time               673000 ns: 
Reading from out-of-range address. Max address in testbench.board_top_inst.cpu_inst.pipe_mem_inst.dmem_inst.mem2_uut.inst is        2047
WARNING in testbench.board_top_inst.cpu_inst.pipe_mem_inst.dmem_inst.mem3_uut.inst at time               673000 ns: 
Reading from out-of-range address. Max address in testbench.board_top_inst.cpu_inst.pipe_mem_inst.dmem_inst.mem3_uut.inst is        2047
WARNING in testbench.board_top_inst.cpu_inst.pipe_mem_inst.dmem_inst.mem0_uut.inst at time               733000 ns: 
Reading from out-of-range address. Max address in testbench.board_top_inst.cpu_inst.pipe_mem_inst.dmem_inst.mem0_uut.inst is        2047
WARNING in testbench.board_top_inst.cpu_inst.pipe_mem_inst.dmem_inst.mem1_uut.inst at time               733000 ns: 
Reading from out-of-range address. Max address in testbench.board_top_inst.cpu_inst.pipe_mem_inst.dmem_inst.mem1_uut.inst is        2047
WARNING in testbench.board_top_inst.cpu_inst.pipe_mem_inst.dmem_inst.mem2_uut.inst at time               733000 ns: 
Reading from out-of-range address. Max address in testbench.board_top_inst.cpu_inst.pipe_mem_inst.dmem_inst.mem2_uut.inst is        2047
WARNING in testbench.board_top_inst.cpu_inst.pipe_mem_inst.dmem_inst.mem3_uut.inst at time               733000 ns: 
Reading from out-of-range address. Max address in testbench.board_top_inst.cpu_inst.pipe_mem_inst.dmem_inst.mem3_uut.inst is        2047
WARNING in testbench.board_top_inst.cpu_inst.pipe_mem_inst.dmem_inst.mem0_uut.inst at time               793000 ns: 
Reading from out-of-range address. Max address in testbench.board_top_inst.cpu_inst.pipe_mem_inst.dmem_inst.mem0_uut.inst is        2047
WARNING in testbench.board_top_inst.cpu_inst.pipe_mem_inst.dmem_inst.mem1_uut.inst at time               793000 ns: 
Reading from out-of-range address. Max address in testbench.board_top_inst.cpu_inst.pipe_mem_inst.dmem_inst.mem1_uut.inst is        2047
WARNING in testbench.board_top_inst.cpu_inst.pipe_mem_inst.dmem_inst.mem2_uut.inst at time               793000 ns: 
Reading from out-of-range address. Max address in testbench.board_top_inst.cpu_inst.pipe_mem_inst.dmem_inst.mem2_uut.inst is        2047
WARNING in testbench.board_top_inst.cpu_inst.pipe_mem_inst.dmem_inst.mem3_uut.inst at time               793000 ns: 
Reading from out-of-range address. Max address in testbench.board_top_inst.cpu_inst.pipe_mem_inst.dmem_inst.mem3_uut.inst is        2047
WARNING in testbench.board_top_inst.cpu_inst.pipe_mem_inst.dmem_inst.mem0_uut.inst at time               853000 ns: 
Reading from out-of-range address. Max address in testbench.board_top_inst.cpu_inst.pipe_mem_inst.dmem_inst.mem0_uut.inst is        2047
WARNING in testbench.board_top_inst.cpu_inst.pipe_mem_inst.dmem_inst.mem1_uut.inst at time               853000 ns: 
Reading from out-of-range address. Max address in testbench.board_top_inst.cpu_inst.pipe_mem_inst.dmem_inst.mem1_uut.inst is        2047
WARNING in testbench.board_top_inst.cpu_inst.pipe_mem_inst.dmem_inst.mem2_uut.inst at time               853000 ns: 
Reading from out-of-range address. Max address in testbench.board_top_inst.cpu_inst.pipe_mem_inst.dmem_inst.mem2_uut.inst is        2047
WARNING in testbench.board_top_inst.cpu_inst.pipe_mem_inst.dmem_inst.mem3_uut.inst at time               853000 ns: 
Reading from out-of-range address. Max address in testbench.board_top_inst.cpu_inst.pipe_mem_inst.dmem_inst.mem3_uut.inst is        2047
WARNING in testbench.board_top_inst.cpu_inst.pipe_mem_inst.dmem_inst.mem0_uut.inst at time               913000 ns: 
Reading from out-of-range address. Max address in testbench.board_top_inst.cpu_inst.pipe_mem_inst.dmem_inst.mem0_uut.inst is        2047
WARNING in testbench.board_top_inst.cpu_inst.pipe_mem_inst.dmem_inst.mem1_uut.inst at time               913000 ns: 
Reading from out-of-range address. Max address in testbench.board_top_inst.cpu_inst.pipe_mem_inst.dmem_inst.mem1_uut.inst is        2047
WARNING in testbench.board_top_inst.cpu_inst.pipe_mem_inst.dmem_inst.mem2_uut.inst at time               913000 ns: 
Reading from out-of-range address. Max address in testbench.board_top_inst.cpu_inst.pipe_mem_inst.dmem_inst.mem2_uut.inst is        2047
WARNING in testbench.board_top_inst.cpu_inst.pipe_mem_inst.dmem_inst.mem3_uut.inst at time               913000 ns: 
Reading from out-of-range address. Max address in testbench.board_top_inst.cpu_inst.pipe_mem_inst.dmem_inst.mem3_uut.inst is        2047
WARNING in testbench.board_top_inst.cpu_inst.pipe_mem_inst.dmem_inst.mem0_uut.inst at time               973000 ns: 
Reading from out-of-range address. Max address in testbench.board_top_inst.cpu_inst.pipe_mem_inst.dmem_inst.mem0_uut.inst is        2047
WARNING in testbench.board_top_inst.cpu_inst.pipe_mem_inst.dmem_inst.mem1_uut.inst at time               973000 ns: 
Reading from out-of-range address. Max address in testbench.board_top_inst.cpu_inst.pipe_mem_inst.dmem_inst.mem1_uut.inst is        2047
WARNING in testbench.board_top_inst.cpu_inst.pipe_mem_inst.dmem_inst.mem2_uut.inst at time               973000 ns: 
Reading from out-of-range address. Max address in testbench.board_top_inst.cpu_inst.pipe_mem_inst.dmem_inst.mem2_uut.inst is        2047
WARNING in testbench.board_top_inst.cpu_inst.pipe_mem_inst.dmem_inst.mem3_uut.inst at time               973000 ns: 
Reading from out-of-range address. Max address in testbench.board_top_inst.cpu_inst.pipe_mem_inst.dmem_inst.mem3_uut.inst is        2047
WARNING in testbench.board_top_inst.cpu_inst.pipe_mem_inst.dmem_inst.mem0_uut.inst at time              1033000 ns: 
Reading from out-of-range address. Max address in testbench.board_top_inst.cpu_inst.pipe_mem_inst.dmem_inst.mem0_uut.inst is        2047
WARNING in testbench.board_top_inst.cpu_inst.pipe_mem_inst.dmem_inst.mem1_uut.inst at time              1033000 ns: 
Reading from out-of-range address. Max address in testbench.board_top_inst.cpu_inst.pipe_mem_inst.dmem_inst.mem1_uut.inst is        2047
WARNING in testbench.board_top_inst.cpu_inst.pipe_mem_inst.dmem_inst.mem2_uut.inst at time              1033000 ns: 
Reading from out-of-range address. Max address in testbench.board_top_inst.cpu_inst.pipe_mem_inst.dmem_inst.mem2_uut.inst is        2047
WARNING in testbench.board_top_inst.cpu_inst.pipe_mem_inst.dmem_inst.mem3_uut.inst at time              1033000 ns: 
Reading from out-of-range address. Max address in testbench.board_top_inst.cpu_inst.pipe_mem_inst.dmem_inst.mem3_uut.inst is        2047
WARNING in testbench.board_top_inst.cpu_inst.pipe_mem_inst.dmem_inst.mem0_uut.inst at time              1093000 ns: 
Reading from out-of-range address. Max address in testbench.board_top_inst.cpu_inst.pipe_mem_inst.dmem_inst.mem0_uut.inst is        2047
WARNING in testbench.board_top_inst.cpu_inst.pipe_mem_inst.dmem_inst.mem1_uut.inst at time              1093000 ns: 
Reading from out-of-range address. Max address in testbench.board_top_inst.cpu_inst.pipe_mem_inst.dmem_inst.mem1_uut.inst is        2047
WARNING in testbench.board_top_inst.cpu_inst.pipe_mem_inst.dmem_inst.mem2_uut.inst at time              1093000 ns: 
Reading from out-of-range address. Max address in testbench.board_top_inst.cpu_inst.pipe_mem_inst.dmem_inst.mem2_uut.inst is        2047
WARNING in testbench.board_top_inst.cpu_inst.pipe_mem_inst.dmem_inst.mem3_uut.inst at time              1093000 ns: 
Reading from out-of-range address. Max address in testbench.board_top_inst.cpu_inst.pipe_mem_inst.dmem_inst.mem3_uut.inst is        2047
WARNING in testbench.board_top_inst.cpu_inst.pipe_mem_inst.dmem_inst.mem0_uut.inst at time              1153000 ns: 
Reading from out-of-range address. Max address in testbench.board_top_inst.cpu_inst.pipe_mem_inst.dmem_inst.mem0_uut.inst is        2047
WARNING in testbench.board_top_inst.cpu_inst.pipe_mem_inst.dmem_inst.mem1_uut.inst at time              1153000 ns: 
Reading from out-of-range address. Max address in testbench.board_top_inst.cpu_inst.pipe_mem_inst.dmem_inst.mem1_uut.inst is        2047
WARNING in testbench.board_top_inst.cpu_inst.pipe_mem_inst.dmem_inst.mem2_uut.inst at time              1153000 ns: 
Reading from out-of-range address. Max address in testbench.board_top_inst.cpu_inst.pipe_mem_inst.dmem_inst.mem2_uut.inst is        2047
WARNING in testbench.board_top_inst.cpu_inst.pipe_mem_inst.dmem_inst.mem3_uut.inst at time              1153000 ns: 
Reading from out-of-range address. Max address in testbench.board_top_inst.cpu_inst.pipe_mem_inst.dmem_inst.mem3_uut.inst is        2047
WARNING in testbench.board_top_inst.cpu_inst.pipe_mem_inst.dmem_inst.mem0_uut.inst at time              1213000 ns: 
Reading from out-of-range address. Max address in testbench.board_top_inst.cpu_inst.pipe_mem_inst.dmem_inst.mem0_uut.inst is        2047
WARNING in testbench.board_top_inst.cpu_inst.pipe_mem_inst.dmem_inst.mem1_uut.inst at time              1213000 ns: 
Reading from out-of-range address. Max address in testbench.board_top_inst.cpu_inst.pipe_mem_inst.dmem_inst.mem1_uut.inst is        2047
WARNING in testbench.board_top_inst.cpu_inst.pipe_mem_inst.dmem_inst.mem2_uut.inst at time              1213000 ns: 
Reading from out-of-range address. Max address in testbench.board_top_inst.cpu_inst.pipe_mem_inst.dmem_inst.mem2_uut.inst is        2047
WARNING in testbench.board_top_inst.cpu_inst.pipe_mem_inst.dmem_inst.mem3_uut.inst at time              1213000 ns: 
Reading from out-of-range address. Max address in testbench.board_top_inst.cpu_inst.pipe_mem_inst.dmem_inst.mem3_uut.inst is        2047
WARNING in testbench.board_top_inst.cpu_inst.pipe_mem_inst.dmem_inst.mem0_uut.inst at time              1273000 ns: 
Reading from out-of-range address. Max address in testbench.board_top_inst.cpu_inst.pipe_mem_inst.dmem_inst.mem0_uut.inst is        2047
WARNING in testbench.board_top_inst.cpu_inst.pipe_mem_inst.dmem_inst.mem1_uut.inst at time              1273000 ns: 
Reading from out-of-range address. Max address in testbench.board_top_inst.cpu_inst.pipe_mem_inst.dmem_inst.mem1_uut.inst is        2047
WARNING in testbench.board_top_inst.cpu_inst.pipe_mem_inst.dmem_inst.mem2_uut.inst at time              1273000 ns: 
Reading from out-of-range address. Max address in testbench.board_top_inst.cpu_inst.pipe_mem_inst.dmem_inst.mem2_uut.inst is        2047
WARNING in testbench.board_top_inst.cpu_inst.pipe_mem_inst.dmem_inst.mem3_uut.inst at time              1273000 ns: 
Reading from out-of-range address. Max address in testbench.board_top_inst.cpu_inst.pipe_mem_inst.dmem_inst.mem3_uut.inst is        2047
WARNING in testbench.board_top_inst.cpu_inst.pipe_mem_inst.dmem_inst.mem0_uut.inst at time              1333000 ns: 
Reading from out-of-range address. Max address in testbench.board_top_inst.cpu_inst.pipe_mem_inst.dmem_inst.mem0_uut.inst is        2047
WARNING in testbench.board_top_inst.cpu_inst.pipe_mem_inst.dmem_inst.mem1_uut.inst at time              1333000 ns: 
Reading from out-of-range address. Max address in testbench.board_top_inst.cpu_inst.pipe_mem_inst.dmem_inst.mem1_uut.inst is        2047
WARNING in testbench.board_top_inst.cpu_inst.pipe_mem_inst.dmem_inst.mem2_uut.inst at time              1333000 ns: 
Reading from out-of-range address. Max address in testbench.board_top_inst.cpu_inst.pipe_mem_inst.dmem_inst.mem2_uut.inst is        2047
WARNING in testbench.board_top_inst.cpu_inst.pipe_mem_inst.dmem_inst.mem3_uut.inst at time              1333000 ns: 
Reading from out-of-range address. Max address in testbench.board_top_inst.cpu_inst.pipe_mem_inst.dmem_inst.mem3_uut.inst is        2047
WARNING in testbench.board_top_inst.cpu_inst.pipe_mem_inst.dmem_inst.mem0_uut.inst at time              1393000 ns: 
Reading from out-of-range address. Max address in testbench.board_top_inst.cpu_inst.pipe_mem_inst.dmem_inst.mem0_uut.inst is        2047
WARNING in testbench.board_top_inst.cpu_inst.pipe_mem_inst.dmem_inst.mem1_uut.inst at time              1393000 ns: 
Reading from out-of-range address. Max address in testbench.board_top_inst.cpu_inst.pipe_mem_inst.dmem_inst.mem1_uut.inst is        2047
WARNING in testbench.board_top_inst.cpu_inst.pipe_mem_inst.dmem_inst.mem2_uut.inst at time              1393000 ns: 
Reading from out-of-range address. Max address in testbench.board_top_inst.cpu_inst.pipe_mem_inst.dmem_inst.mem2_uut.inst is        2047
WARNING in testbench.board_top_inst.cpu_inst.pipe_mem_inst.dmem_inst.mem3_uut.inst at time              1393000 ns: 
Reading from out-of-range address. Max address in testbench.board_top_inst.cpu_inst.pipe_mem_inst.dmem_inst.mem3_uut.inst is        2047
WARNING in testbench.board_top_inst.cpu_inst.pipe_mem_inst.dmem_inst.mem0_uut.inst at time              1471000 ns: 
Reading from out-of-range address. Max address in testbench.board_top_inst.cpu_inst.pipe_mem_inst.dmem_inst.mem0_uut.inst is        2047
WARNING in testbench.board_top_inst.cpu_inst.pipe_mem_inst.dmem_inst.mem1_uut.inst at time              1471000 ns: 
Reading from out-of-range address. Max address in testbench.board_top_inst.cpu_inst.pipe_mem_inst.dmem_inst.mem1_uut.inst is        2047
WARNING in testbench.board_top_inst.cpu_inst.pipe_mem_inst.dmem_inst.mem2_uut.inst at time              1471000 ns: 
Reading from out-of-range address. Max address in testbench.board_top_inst.cpu_inst.pipe_mem_inst.dmem_inst.mem2_uut.inst is        2047
WARNING in testbench.board_top_inst.cpu_inst.pipe_mem_inst.dmem_inst.mem3_uut.inst at time              1471000 ns: 
Reading from out-of-range address. Max address in testbench.board_top_inst.cpu_inst.pipe_mem_inst.dmem_inst.mem3_uut.inst is        2047
WARNING in testbench.board_top_inst.cpu_inst.pipe_mem_inst.dmem_inst.mem0_uut.inst at time              1549000 ns: 
Reading from out-of-range address. Max address in testbench.board_top_inst.cpu_inst.pipe_mem_inst.dmem_inst.mem0_uut.inst is        2047
WARNING in testbench.board_top_inst.cpu_inst.pipe_mem_inst.dmem_inst.mem1_uut.inst at time              1549000 ns: 
Reading from out-of-range address. Max address in testbench.board_top_inst.cpu_inst.pipe_mem_inst.dmem_inst.mem1_uut.inst is        2047
WARNING in testbench.board_top_inst.cpu_inst.pipe_mem_inst.dmem_inst.mem2_uut.inst at time              1549000 ns: 
Reading from out-of-range address. Max address in testbench.board_top_inst.cpu_inst.pipe_mem_inst.dmem_inst.mem2_uut.inst is        2047
WARNING in testbench.board_top_inst.cpu_inst.pipe_mem_inst.dmem_inst.mem3_uut.inst at time              1549000 ns: 
Reading from out-of-range address. Max address in testbench.board_top_inst.cpu_inst.pipe_mem_inst.dmem_inst.mem3_uut.inst is        2047
WARNING in testbench.board_top_inst.cpu_inst.pipe_mem_inst.dmem_inst.mem0_uut.inst at time              1627000 ns: 
Reading from out-of-range address. Max address in testbench.board_top_inst.cpu_inst.pipe_mem_inst.dmem_inst.mem0_uut.inst is        2047
WARNING in testbench.board_top_inst.cpu_inst.pipe_mem_inst.dmem_inst.mem1_uut.inst at time              1627000 ns: 
Reading from out-of-range address. Max address in testbench.board_top_inst.cpu_inst.pipe_mem_inst.dmem_inst.mem1_uut.inst is        2047
WARNING in testbench.board_top_inst.cpu_inst.pipe_mem_inst.dmem_inst.mem2_uut.inst at time              1627000 ns: 
Reading from out-of-range address. Max address in testbench.board_top_inst.cpu_inst.pipe_mem_inst.dmem_inst.mem2_uut.inst is        2047
WARNING in testbench.board_top_inst.cpu_inst.pipe_mem_inst.dmem_inst.mem3_uut.inst at time              1627000 ns: 
Reading from out-of-range address. Max address in testbench.board_top_inst.cpu_inst.pipe_mem_inst.dmem_inst.mem3_uut.inst is        2047
WARNING in testbench.board_top_inst.cpu_inst.pipe_mem_inst.dmem_inst.mem0_uut.inst at time              1705000 ns: 
Reading from out-of-range address. Max address in testbench.board_top_inst.cpu_inst.pipe_mem_inst.dmem_inst.mem0_uut.inst is        2047
WARNING in testbench.board_top_inst.cpu_inst.pipe_mem_inst.dmem_inst.mem1_uut.inst at time              1705000 ns: 
Reading from out-of-range address. Max address in testbench.board_top_inst.cpu_inst.pipe_mem_inst.dmem_inst.mem1_uut.inst is        2047
WARNING in testbench.board_top_inst.cpu_inst.pipe_mem_inst.dmem_inst.mem2_uut.inst at time              1705000 ns: 
Reading from out-of-range address. Max address in testbench.board_top_inst.cpu_inst.pipe_mem_inst.dmem_inst.mem2_uut.inst is        2047
WARNING in testbench.board_top_inst.cpu_inst.pipe_mem_inst.dmem_inst.mem3_uut.inst at time              1705000 ns: 
Reading from out-of-range address. Max address in testbench.board_top_inst.cpu_inst.pipe_mem_inst.dmem_inst.mem3_uut.inst is        2047
WARNING in testbench.board_top_inst.cpu_inst.pipe_mem_inst.dmem_inst.mem0_uut.inst at time              1783000 ns: 
Reading from out-of-range address. Max address in testbench.board_top_inst.cpu_inst.pipe_mem_inst.dmem_inst.mem0_uut.inst is        2047
WARNING in testbench.board_top_inst.cpu_inst.pipe_mem_inst.dmem_inst.mem1_uut.inst at time              1783000 ns: 
Reading from out-of-range address. Max address in testbench.board_top_inst.cpu_inst.pipe_mem_inst.dmem_inst.mem1_uut.inst is        2047
WARNING in testbench.board_top_inst.cpu_inst.pipe_mem_inst.dmem_inst.mem2_uut.inst at time              1783000 ns: 
Reading from out-of-range address. Max address in testbench.board_top_inst.cpu_inst.pipe_mem_inst.dmem_inst.mem2_uut.inst is        2047
WARNING in testbench.board_top_inst.cpu_inst.pipe_mem_inst.dmem_inst.mem3_uut.inst at time              1783000 ns: 
Reading from out-of-range address. Max address in testbench.board_top_inst.cpu_inst.pipe_mem_inst.dmem_inst.mem3_uut.inst is        2047
WARNING in testbench.board_top_inst.cpu_inst.pipe_mem_inst.dmem_inst.mem0_uut.inst at time              1861000 ns: 
Reading from out-of-range address. Max address in testbench.board_top_inst.cpu_inst.pipe_mem_inst.dmem_inst.mem0_uut.inst is        2047
WARNING in testbench.board_top_inst.cpu_inst.pipe_mem_inst.dmem_inst.mem1_uut.inst at time              1861000 ns: 
Reading from out-of-range address. Max address in testbench.board_top_inst.cpu_inst.pipe_mem_inst.dmem_inst.mem1_uut.inst is        2047
WARNING in testbench.board_top_inst.cpu_inst.pipe_mem_inst.dmem_inst.mem2_uut.inst at time              1861000 ns: 
Reading from out-of-range address. Max address in testbench.board_top_inst.cpu_inst.pipe_mem_inst.dmem_inst.mem2_uut.inst is        2047
WARNING in testbench.board_top_inst.cpu_inst.pipe_mem_inst.dmem_inst.mem3_uut.inst at time              1861000 ns: 
Reading from out-of-range address. Max address in testbench.board_top_inst.cpu_inst.pipe_mem_inst.dmem_inst.mem3_uut.inst is        2047
WARNING in testbench.board_top_inst.cpu_inst.pipe_mem_inst.dmem_inst.mem0_uut.inst at time              1939000 ns: 
Reading from out-of-range address. Max address in testbench.board_top_inst.cpu_inst.pipe_mem_inst.dmem_inst.mem0_uut.inst is        2047
WARNING in testbench.board_top_inst.cpu_inst.pipe_mem_inst.dmem_inst.mem1_uut.inst at time              1939000 ns: 
Reading from out-of-range address. Max address in testbench.board_top_inst.cpu_inst.pipe_mem_inst.dmem_inst.mem1_uut.inst is        2047
WARNING in testbench.board_top_inst.cpu_inst.pipe_mem_inst.dmem_inst.mem2_uut.inst at time              1939000 ns: 
Reading from out-of-range address. Max address in testbench.board_top_inst.cpu_inst.pipe_mem_inst.dmem_inst.mem2_uut.inst is        2047
WARNING in testbench.board_top_inst.cpu_inst.pipe_mem_inst.dmem_inst.mem3_uut.inst at time              1939000 ns: 
Reading from out-of-range address. Max address in testbench.board_top_inst.cpu_inst.pipe_mem_inst.dmem_inst.mem3_uut.inst is        2047
WARNING in testbench.board_top_inst.cpu_inst.pipe_mem_inst.dmem_inst.mem0_uut.inst at time              2017000 ns: 
Reading from out-of-range address. Max address in testbench.board_top_inst.cpu_inst.pipe_mem_inst.dmem_inst.mem0_uut.inst is        2047
WARNING in testbench.board_top_inst.cpu_inst.pipe_mem_inst.dmem_inst.mem1_uut.inst at time              2017000 ns: 
Reading from out-of-range address. Max address in testbench.board_top_inst.cpu_inst.pipe_mem_inst.dmem_inst.mem1_uut.inst is        2047
WARNING in testbench.board_top_inst.cpu_inst.pipe_mem_inst.dmem_inst.mem2_uut.inst at time              2017000 ns: 
Reading from out-of-range address. Max address in testbench.board_top_inst.cpu_inst.pipe_mem_inst.dmem_inst.mem2_uut.inst is        2047
WARNING in testbench.board_top_inst.cpu_inst.pipe_mem_inst.dmem_inst.mem3_uut.inst at time              2017000 ns: 
Reading from out-of-range address. Max address in testbench.board_top_inst.cpu_inst.pipe_mem_inst.dmem_inst.mem3_uut.inst is        2047
WARNING in testbench.board_top_inst.cpu_inst.pipe_mem_inst.dmem_inst.mem0_uut.inst at time              2095000 ns: 
Reading from out-of-range address. Max address in testbench.board_top_inst.cpu_inst.pipe_mem_inst.dmem_inst.mem0_uut.inst is        2047
WARNING in testbench.board_top_inst.cpu_inst.pipe_mem_inst.dmem_inst.mem1_uut.inst at time              2095000 ns: 
Reading from out-of-range address. Max address in testbench.board_top_inst.cpu_inst.pipe_mem_inst.dmem_inst.mem1_uut.inst is        2047
WARNING in testbench.board_top_inst.cpu_inst.pipe_mem_inst.dmem_inst.mem2_uut.inst at time              2095000 ns: 
Reading from out-of-range address. Max address in testbench.board_top_inst.cpu_inst.pipe_mem_inst.dmem_inst.mem2_uut.inst is        2047
WARNING in testbench.board_top_inst.cpu_inst.pipe_mem_inst.dmem_inst.mem3_uut.inst at time              2095000 ns: 
Reading from out-of-range address. Max address in testbench.board_top_inst.cpu_inst.pipe_mem_inst.dmem_inst.mem3_uut.inst is        2047
WARNING in testbench.board_top_inst.cpu_inst.pipe_mem_inst.dmem_inst.mem0_uut.inst at time              2173000 ns: 
Reading from out-of-range address. Max address in testbench.board_top_inst.cpu_inst.pipe_mem_inst.dmem_inst.mem0_uut.inst is        2047
WARNING in testbench.board_top_inst.cpu_inst.pipe_mem_inst.dmem_inst.mem1_uut.inst at time              2173000 ns: 
Reading from out-of-range address. Max address in testbench.board_top_inst.cpu_inst.pipe_mem_inst.dmem_inst.mem1_uut.inst is        2047
WARNING in testbench.board_top_inst.cpu_inst.pipe_mem_inst.dmem_inst.mem2_uut.inst at time              2173000 ns: 
Reading from out-of-range address. Max address in testbench.board_top_inst.cpu_inst.pipe_mem_inst.dmem_inst.mem2_uut.inst is        2047
WARNING in testbench.board_top_inst.cpu_inst.pipe_mem_inst.dmem_inst.mem3_uut.inst at time              2173000 ns: 
Reading from out-of-range address. Max address in testbench.board_top_inst.cpu_inst.pipe_mem_inst.dmem_inst.mem3_uut.inst is        2047
WARNING in testbench.board_top_inst.cpu_inst.pipe_mem_inst.dmem_inst.mem0_uut.inst at time              2251000 ns: 
Reading from out-of-range address. Max address in testbench.board_top_inst.cpu_inst.pipe_mem_inst.dmem_inst.mem0_uut.inst is        2047
WARNING in testbench.board_top_inst.cpu_inst.pipe_mem_inst.dmem_inst.mem1_uut.inst at time              2251000 ns: 
Reading from out-of-range address. Max address in testbench.board_top_inst.cpu_inst.pipe_mem_inst.dmem_inst.mem1_uut.inst is        2047
WARNING in testbench.board_top_inst.cpu_inst.pipe_mem_inst.dmem_inst.mem2_uut.inst at time              2251000 ns: 
Reading from out-of-range address. Max address in testbench.board_top_inst.cpu_inst.pipe_mem_inst.dmem_inst.mem2_uut.inst is        2047
WARNING in testbench.board_top_inst.cpu_inst.pipe_mem_inst.dmem_inst.mem3_uut.inst at time              2251000 ns: 
Reading from out-of-range address. Max address in testbench.board_top_inst.cpu_inst.pipe_mem_inst.dmem_inst.mem3_uut.inst is        2047
WARNING in testbench.board_top_inst.cpu_inst.pipe_mem_inst.dmem_inst.mem0_uut.inst at time              2329000 ns: 
Reading from out-of-range address. Max address in testbench.board_top_inst.cpu_inst.pipe_mem_inst.dmem_inst.mem0_uut.inst is        2047
WARNING in testbench.board_top_inst.cpu_inst.pipe_mem_inst.dmem_inst.mem1_uut.inst at time              2329000 ns: 
Reading from out-of-range address. Max address in testbench.board_top_inst.cpu_inst.pipe_mem_inst.dmem_inst.mem1_uut.inst is        2047
WARNING in testbench.board_top_inst.cpu_inst.pipe_mem_inst.dmem_inst.mem2_uut.inst at time              2329000 ns: 
Reading from out-of-range address. Max address in testbench.board_top_inst.cpu_inst.pipe_mem_inst.dmem_inst.mem2_uut.inst is        2047
WARNING in testbench.board_top_inst.cpu_inst.pipe_mem_inst.dmem_inst.mem3_uut.inst at time              2329000 ns: 
Reading from out-of-range address. Max address in testbench.board_top_inst.cpu_inst.pipe_mem_inst.dmem_inst.mem3_uut.inst is        2047
WARNING in testbench.board_top_inst.cpu_inst.pipe_mem_inst.dmem_inst.mem0_uut.inst at time              2407000 ns: 
Reading from out-of-range address. Max address in testbench.board_top_inst.cpu_inst.pipe_mem_inst.dmem_inst.mem0_uut.inst is        2047
WARNING in testbench.board_top_inst.cpu_inst.pipe_mem_inst.dmem_inst.mem1_uut.inst at time              2407000 ns: 
Reading from out-of-range address. Max address in testbench.board_top_inst.cpu_inst.pipe_mem_inst.dmem_inst.mem1_uut.inst is        2047
WARNING in testbench.board_top_inst.cpu_inst.pipe_mem_inst.dmem_inst.mem2_uut.inst at time              2407000 ns: 
Reading from out-of-range address. Max address in testbench.board_top_inst.cpu_inst.pipe_mem_inst.dmem_inst.mem2_uut.inst is        2047
WARNING in testbench.board_top_inst.cpu_inst.pipe_mem_inst.dmem_inst.mem3_uut.inst at time              2407000 ns: 
Reading from out-of-range address. Max address in testbench.board_top_inst.cpu_inst.pipe_mem_inst.dmem_inst.mem3_uut.inst is        2047
WARNING in testbench.board_top_inst.cpu_inst.pipe_mem_inst.dmem_inst.mem0_uut.inst at time              2485000 ns: 
Reading from out-of-range address. Max address in testbench.board_top_inst.cpu_inst.pipe_mem_inst.dmem_inst.mem0_uut.inst is        2047
WARNING in testbench.board_top_inst.cpu_inst.pipe_mem_inst.dmem_inst.mem1_uut.inst at time              2485000 ns: 
Reading from out-of-range address. Max address in testbench.board_top_inst.cpu_inst.pipe_mem_inst.dmem_inst.mem1_uut.inst is        2047
WARNING in testbench.board_top_inst.cpu_inst.pipe_mem_inst.dmem_inst.mem2_uut.inst at time              2485000 ns: 
Reading from out-of-range address. Max address in testbench.board_top_inst.cpu_inst.pipe_mem_inst.dmem_inst.mem2_uut.inst is        2047
WARNING in testbench.board_top_inst.cpu_inst.pipe_mem_inst.dmem_inst.mem3_uut.inst at time              2485000 ns: 
Reading from out-of-range address. Max address in testbench.board_top_inst.cpu_inst.pipe_mem_inst.dmem_inst.mem3_uut.inst is        2047
WARNING in testbench.board_top_inst.cpu_inst.pipe_mem_inst.dmem_inst.mem0_uut.inst at time              2563000 ns: 
Reading from out-of-range address. Max address in testbench.board_top_inst.cpu_inst.pipe_mem_inst.dmem_inst.mem0_uut.inst is        2047
WARNING in testbench.board_top_inst.cpu_inst.pipe_mem_inst.dmem_inst.mem1_uut.inst at time              2563000 ns: 
Reading from out-of-range address. Max address in testbench.board_top_inst.cpu_inst.pipe_mem_inst.dmem_inst.mem1_uut.inst is        2047
WARNING in testbench.board_top_inst.cpu_inst.pipe_mem_inst.dmem_inst.mem2_uut.inst at time              2563000 ns: 
Reading from out-of-range address. Max address in testbench.board_top_inst.cpu_inst.pipe_mem_inst.dmem_inst.mem2_uut.inst is        2047
WARNING in testbench.board_top_inst.cpu_inst.pipe_mem_inst.dmem_inst.mem3_uut.inst at time              2563000 ns: 
Reading from out-of-range address. Max address in testbench.board_top_inst.cpu_inst.pipe_mem_inst.dmem_inst.mem3_uut.inst is        2047
WARNING in testbench.board_top_inst.cpu_inst.pipe_mem_inst.dmem_inst.mem0_uut.inst at time              2641000 ns: 
Reading from out-of-range address. Max address in testbench.board_top_inst.cpu_inst.pipe_mem_inst.dmem_inst.mem0_uut.inst is        2047
WARNING in testbench.board_top_inst.cpu_inst.pipe_mem_inst.dmem_inst.mem1_uut.inst at time              2641000 ns: 
Reading from out-of-range address. Max address in testbench.board_top_inst.cpu_inst.pipe_mem_inst.dmem_inst.mem1_uut.inst is        2047
WARNING in testbench.board_top_inst.cpu_inst.pipe_mem_inst.dmem_inst.mem2_uut.inst at time              2641000 ns: 
Reading from out-of-range address. Max address in testbench.board_top_inst.cpu_inst.pipe_mem_inst.dmem_inst.mem2_uut.inst is        2047
WARNING in testbench.board_top_inst.cpu_inst.pipe_mem_inst.dmem_inst.mem3_uut.inst at time              2641000 ns: 
Reading from out-of-range address. Max address in testbench.board_top_inst.cpu_inst.pipe_mem_inst.dmem_inst.mem3_uut.inst is        2047
WARNING in testbench.board_top_inst.cpu_inst.pipe_mem_inst.dmem_inst.mem0_uut.inst at time              2719000 ns: 
Reading from out-of-range address. Max address in testbench.board_top_inst.cpu_inst.pipe_mem_inst.dmem_inst.mem0_uut.inst is        2047
WARNING in testbench.board_top_inst.cpu_inst.pipe_mem_inst.dmem_inst.mem1_uut.inst at time              2719000 ns: 
Reading from out-of-range address. Max address in testbench.board_top_inst.cpu_inst.pipe_mem_inst.dmem_inst.mem1_uut.inst is        2047
WARNING in testbench.board_top_inst.cpu_inst.pipe_mem_inst.dmem_inst.mem2_uut.inst at time              2719000 ns: 
Reading from out-of-range address. Max address in testbench.board_top_inst.cpu_inst.pipe_mem_inst.dmem_inst.mem2_uut.inst is        2047
WARNING in testbench.board_top_inst.cpu_inst.pipe_mem_inst.dmem_inst.mem3_uut.inst at time              2719000 ns: 
Reading from out-of-range address. Max address in testbench.board_top_inst.cpu_inst.pipe_mem_inst.dmem_inst.mem3_uut.inst is        2047
WARNING in testbench.board_top_inst.cpu_inst.pipe_mem_inst.dmem_inst.mem0_uut.inst at time              2797000 ns: 
Reading from out-of-range address. Max address in testbench.board_top_inst.cpu_inst.pipe_mem_inst.dmem_inst.mem0_uut.inst is        2047
WARNING in testbench.board_top_inst.cpu_inst.pipe_mem_inst.dmem_inst.mem1_uut.inst at time              2797000 ns: 
Reading from out-of-range address. Max address in testbench.board_top_inst.cpu_inst.pipe_mem_inst.dmem_inst.mem1_uut.inst is        2047
WARNING in testbench.board_top_inst.cpu_inst.pipe_mem_inst.dmem_inst.mem2_uut.inst at time              2797000 ns: 
Reading from out-of-range address. Max address in testbench.board_top_inst.cpu_inst.pipe_mem_inst.dmem_inst.mem2_uut.inst is        2047
WARNING in testbench.board_top_inst.cpu_inst.pipe_mem_inst.dmem_inst.mem3_uut.inst at time              2797000 ns: 
Reading from out-of-range address. Max address in testbench.board_top_inst.cpu_inst.pipe_mem_inst.dmem_inst.mem3_uut.inst is        2047
WARNING in testbench.board_top_inst.cpu_inst.pipe_mem_inst.dmem_inst.mem0_uut.inst at time              2875000 ns: 
Reading from out-of-range address. Max address in testbench.board_top_inst.cpu_inst.pipe_mem_inst.dmem_inst.mem0_uut.inst is        2047
WARNING in testbench.board_top_inst.cpu_inst.pipe_mem_inst.dmem_inst.mem1_uut.inst at time              2875000 ns: 
Reading from out-of-range address. Max address in testbench.board_top_inst.cpu_inst.pipe_mem_inst.dmem_inst.mem1_uut.inst is        2047
WARNING in testbench.board_top_inst.cpu_inst.pipe_mem_inst.dmem_inst.mem2_uut.inst at time              2875000 ns: 
Reading from out-of-range address. Max address in testbench.board_top_inst.cpu_inst.pipe_mem_inst.dmem_inst.mem2_uut.inst is        2047
WARNING in testbench.board_top_inst.cpu_inst.pipe_mem_inst.dmem_inst.mem3_uut.inst at time              2875000 ns: 
Reading from out-of-range address. Max address in testbench.board_top_inst.cpu_inst.pipe_mem_inst.dmem_inst.mem3_uut.inst is        2047
WARNING in testbench.board_top_inst.cpu_inst.pipe_mem_inst.dmem_inst.mem0_uut.inst at time              2953000 ns: 
Reading from out-of-range address. Max address in testbench.board_top_inst.cpu_inst.pipe_mem_inst.dmem_inst.mem0_uut.inst is        2047
WARNING in testbench.board_top_inst.cpu_inst.pipe_mem_inst.dmem_inst.mem1_uut.inst at time              2953000 ns: 
Reading from out-of-range address. Max address in testbench.board_top_inst.cpu_inst.pipe_mem_inst.dmem_inst.mem1_uut.inst is        2047
WARNING in testbench.board_top_inst.cpu_inst.pipe_mem_inst.dmem_inst.mem2_uut.inst at time              2953000 ns: 
Reading from out-of-range address. Max address in testbench.board_top_inst.cpu_inst.pipe_mem_inst.dmem_inst.mem2_uut.inst is        2047
WARNING in testbench.board_top_inst.cpu_inst.pipe_mem_inst.dmem_inst.mem3_uut.inst at time              2953000 ns: 
Reading from out-of-range address. Max address in testbench.board_top_inst.cpu_inst.pipe_mem_inst.dmem_inst.mem3_uut.inst is        2047
WARNING in testbench.board_top_inst.cpu_inst.pipe_mem_inst.dmem_inst.mem0_uut.inst at time              4443000 ns: 
Reading from out-of-range address. Max address in testbench.board_top_inst.cpu_inst.pipe_mem_inst.dmem_inst.mem0_uut.inst is        2047
WARNING in testbench.board_top_inst.cpu_inst.pipe_mem_inst.dmem_inst.mem1_uut.inst at time              4443000 ns: 
Reading from out-of-range address. Max address in testbench.board_top_inst.cpu_inst.pipe_mem_inst.dmem_inst.mem1_uut.inst is        2047
WARNING in testbench.board_top_inst.cpu_inst.pipe_mem_inst.dmem_inst.mem2_uut.inst at time              4443000 ns: 
Reading from out-of-range address. Max address in testbench.board_top_inst.cpu_inst.pipe_mem_inst.dmem_inst.mem2_uut.inst is        2047
WARNING in testbench.board_top_inst.cpu_inst.pipe_mem_inst.dmem_inst.mem3_uut.inst at time              4443000 ns: 
Reading from out-of-range address. Max address in testbench.board_top_inst.cpu_inst.pipe_mem_inst.dmem_inst.mem3_uut.inst is        2047
